08/09/2022 12:37:50 PM - dashboard: Port Initialized to tcp://127.0.0.1:5051
08/09/2022 12:37:50 PM - dashboard: Initialized Schema: /home/user/FISSURE/YAML/dashboard.yaml
08/09/2022 12:37:50 PM - dashboard: Port Initialized to tcp://127.0.0.1:5057
08/09/2022 12:37:50 PM - dashboard: Initialized Schema: /home/user/FISSURE/YAML/dashboard.yaml
08/09/2022 12:37:50 PM - dashboard: Port Connected to tcp://127.0.0.1:5055
08/09/2022 12:37:50 PM - dashboard: Initialized Schema: /home/user/FISSURE/YAML/dashboard.yaml
08/09/2022 12:37:50 PM - dashboard: Port Connected to tcp://127.0.0.1:5059
08/09/2022 12:37:50 PM - dashboard: Port Connected to tcp://127.0.0.1:5060
08/09/2022 12:37:50 PM - dashboard: Port Connected to tcp://127.0.0.1:5065
08/09/2022 12:37:50 PM - dashboard: Port Connected to tcp://127.0.0.1:5061
08/09/2022 12:37:50 PM - dashboard: Port Connected to tcp://127.0.0.1:5063
08/09/2022 12:37:50 PM - hiprfisr: End of HIPRFISR Initialization
08/09/2022 12:37:50 PM - hiprfisr: Port Connected to tcp://127.0.0.1:5051
08/09/2022 12:37:50 PM - hiprfisr: Initialized Schema: /home/user/FISSURE/YAML/hiprfisr.yaml
08/09/2022 12:37:50 PM - hiprfisr: Port Initialized to tcp://127.0.0.1:5052
08/09/2022 12:37:50 PM - hiprfisr: Initialized Schema: /home/user/FISSURE/YAML/tsi.yaml
08/09/2022 12:37:50 PM - hiprfisr: Port Initialized to tcp://127.0.0.1:5053
08/09/2022 12:37:50 PM - hiprfisr: Initialized Schema: /home/user/FISSURE/YAML/fge.yaml
08/09/2022 12:37:50 PM - hiprfisr: Port Initialized to tcp://127.0.0.1:5054
08/09/2022 12:37:50 PM - hiprfisr: Initialized Schema: /home/user/FISSURE/YAML/hiprfisr.yaml
08/09/2022 12:37:50 PM - hiprfisr: Port Initialized to tcp://127.0.0.1:5055
08/09/2022 12:37:50 PM - hiprfisr: Initialized Schema: /home/user/FISSURE/YAML/hiprfisr.yaml
08/09/2022 12:37:50 PM - hiprfisr: Port Connected to tcp://127.0.0.1:5057
08/09/2022 12:37:50 PM - hiprfisr: Initialized Schema: /home/user/FISSURE/YAML/hiprfisr.yaml
08/09/2022 12:37:50 PM - hiprfisr: Port Connected to tcp://127.0.0.1:5059
08/09/2022 12:37:50 PM - hiprfisr: Port Connected to tcp://127.0.0.1:5060
08/09/2022 12:37:50 PM - hiprfisr: Port Connected to tcp://127.0.0.1:5065
08/09/2022 12:37:50 PM - hiprfisr: Port Connected to tcp://127.0.0.1:5061
08/09/2022 12:37:50 PM - hiprfisr: Port Connected to tcp://127.0.0.1:5063
08/09/2022 12:37:50 PM - hiprfisr: Start of Main Event Loop
08/09/2022 12:37:51 PM - tsi: Port Connected to tcp://localhost:5052
08/09/2022 12:37:51 PM - tsi: Initialized Schema: /home/user/FISSURE/YAML/tsi.yaml
08/09/2022 12:37:51 PM - tsi: Port Initialized to tcp://*:5059
08/09/2022 12:37:51 PM - tsi: Initialized Schema: /home/user/FISSURE/YAML/tsi.yaml
08/09/2022 12:37:51 PM - tsi: Port Connected to tcp://127.0.0.1:5055
08/09/2022 12:37:51 PM - tsi: Initialized Schema: /home/user/FISSURE/YAML/tsi.yaml
08/09/2022 12:37:51 PM - tsi: Port Connected to tcp://127.0.0.1:5057
08/09/2022 12:37:51 PM - fge: Port Connected to tcp://127.0.0.1:5053
08/09/2022 12:37:51 PM - fge: Initialized Schema: /home/user/FISSURE/YAML/fge.yaml
08/09/2022 12:37:51 PM - fge: Port Initialized to tcp://127.0.0.1:5061
08/09/2022 12:37:51 PM - fge: Initialized Schema: /home/user/FISSURE/YAML/fge.yaml
08/09/2022 12:37:51 PM - fge: Port Connected to tcp://127.0.0.1:5055
08/09/2022 12:37:51 PM - fge: Initialized Schema: /home/user/FISSURE/YAML/fge.yaml
08/09/2022 12:37:51 PM - fge: Port Connected to tcp://127.0.0.1:5057
08/09/2022 12:37:51 PM - pd: Port Connected to tcp://127.0.0.1:5054
08/09/2022 12:37:51 PM - pd: Initialized Schema: /home/user/FISSURE/YAML/pd.yaml
08/09/2022 12:37:51 PM - pd: Port Initialized to tcp://127.0.0.1:5063
08/09/2022 12:37:51 PM - pd: Initialized Schema: /home/user/FISSURE/YAML/pd.yaml
08/09/2022 12:37:51 PM - pd: Port Connected to tcp://127.0.0.1:5055
08/09/2022 12:37:51 PM - pd: Initialized Schema: /home/user/FISSURE/YAML/pd.yaml
08/09/2022 12:37:51 PM - pd: Port Connected to tcp://127.0.0.1:5057
08/09/2022 12:37:52 PM - hiprfisr: Sending message: HIPRFISR: Connected TSI
08/09/2022 12:37:52 PM - hiprfisr: Sending message: HIPRFISR: Connected FGE
08/09/2022 12:37:52 PM - hiprfisr: Sending message: HIPRFISR: Connected PD
08/09/2022 12:37:53 PM - dashboard: Received message: HIPRFISR: Connected TSI
08/09/2022 12:37:53 PM - dashboard: Received message: HIPRFISR: Connected FGE
08/09/2022 12:37:53 PM - dashboard: Received message: HIPRFISR: Connected PD
08/09/2022 12:38:17 PM - dashboard: Sending message: Dashboard: Set Process SOIs [False, None, None, None]
08/09/2022 12:38:17 PM - dashboard: Sending message: Dashboard: SOI Selection Mode 0
08/09/2022 12:38:18 PM - hiprfisr: Received message: Dashboard: Set Process SOIs [False, None, None, None]
08/09/2022 12:38:18 PM - hiprfisr: Executing Callback: setProcessSOIs with parameters [False, None, None, None]
08/09/2022 12:38:18 PM - hiprfisr: Received message: Dashboard: SOI Selection Mode 0
08/09/2022 12:38:18 PM - hiprfisr: Executing Callback: setSOI_SelectionMode with parameters 0
08/09/2022 01:00:48 PM - dashboard: Sending message: Dashboard: Start PD $Parameters
08/09/2022 01:00:49 PM - hiprfisr: Received message: Dashboard: Start PD $Parameters
08/09/2022 01:00:49 PM - hiprfisr: Executing Callback: startPD with parameters None
08/09/2022 01:00:49 PM - hiprfisr: Sending message: HIPRFISR: Start PD $Parameters
08/09/2022 01:00:49 PM - pd: Received message: HIPRFISR: Start PD $Parameters
08/09/2022 01:00:49 PM - pd: Executing Callback: startPD with parameters None
08/09/2022 01:01:00 PM - dashboard: Sending message: Dashboard: Search Library for Flow Graphs [['', 'OOK', '', '', '', '', '', '', '', ''], 'USRP B210']
08/09/2022 01:01:01 PM - hiprfisr: Received message: Dashboard: Search Library for Flow Graphs [['', 'OOK', '', '', '', '', '', '', '', ''], 'USRP B210']
08/09/2022 01:01:01 PM - hiprfisr: Executing Callback: searchLibraryForFlowGraphs with parameters [['', 'OOK', '', '', '', '', '', '', '', ''], 'USRP B210']
08/09/2022 01:01:01 PM - hiprfisr: Sending message: HIPRFISR: Search Library for Flow Graphs [['', 'OOK', '', '', '', '', '', '', '', ''], 'USRP B210']
08/09/2022 01:01:01 PM - pd: Received message: HIPRFISR: Search Library for Flow Graphs [['', 'OOK', '', '', '', '', '', '', '', ''], 'USRP B210']
08/09/2022 01:01:01 PM - pd: Executing Callback: searchLibraryForFlowGraphsCallback with parameters [['', 'OOK', '', '', '', '', '', '', '', ''], 'USRP B210']
08/09/2022 01:01:01 PM - pd: Sending message: PD: Set Recommended Flow Graphs ['X10_OOK_USRPB210_Demod.py']
08/09/2022 01:01:02 PM - hiprfisr: Received message: PD: Set Recommended Flow Graphs ['X10_OOK_USRPB210_Demod.py']
08/09/2022 01:01:02 PM - dashboard: Received message: PD: Set Recommended Flow Graphs ['X10_OOK_USRPB210_Demod.py']
08/09/2022 01:01:10 PM - dashboard: Sending message: Dashboard: Run PD Flow Graph ['X10_OOK_USRPB210_Demod.py', ['zmq_port', 'serial', 'sample_rate', 'rx_usrp_gain', 'rx_usrp_frequency', 'rx_usrp_channel', 'rx_usrp_antenna', 'notes'], ['5066', 'serial=30AD2E1', '1e6', '70', '310.8e6', 'A:A', 'TX RX', 'Decodes X10 signals and prints the output.']]
08/09/2022 01:01:10 PM - hiprfisr: Received message: Dashboard: Run PD Flow Graph ['X10_OOK_USRPB210_Demod.py', ['zmq_port', 'serial', 'sample_rate', 'rx_usrp_gain', 'rx_usrp_frequency', 'rx_usrp_channel', 'rx_usrp_antenna', 'notes'], ['5066', 'serial=30AD2E1', '1e6', '70', '310.8e6', 'A:A', 'TX RX', 'Decodes X10 signals and prints the output.']]
08/09/2022 01:01:10 PM - hiprfisr: Executing Callback: protocolDiscoveryFG_Start with parameters ['X10_OOK_USRPB210_Demod.py', ['zmq_port', 'serial', 'sample_rate', 'rx_usrp_gain', 'rx_usrp_frequency', 'rx_usrp_channel', 'rx_usrp_antenna', 'notes'], ['5066', 'serial=30AD2E1', '1e6', '70', '310.8e6', 'A:A', 'TX/RX', 'Decodes X10 signals and prints the output.']]
08/09/2022 01:01:10 PM - hiprfisr: Sending message: HIPRFISR: Run PD Flow Graph ['X10_OOK_USRPB210_Demod.py', ['zmq_port', 'serial', 'sample_rate', 'rx_usrp_gain', 'rx_usrp_frequency', 'rx_usrp_channel', 'rx_usrp_antenna', 'notes'], ['5066', 'serial=30AD2E1', '1e6', '70', '310.8e6', 'A:A', 'TX RX', 'Decodes X10 signals and prints the output.']]
08/09/2022 01:01:11 PM - fge: Received message: HIPRFISR: Run PD Flow Graph ['X10_OOK_USRPB210_Demod.py', ['zmq_port', 'serial', 'sample_rate', 'rx_usrp_gain', 'rx_usrp_frequency', 'rx_usrp_channel', 'rx_usrp_antenna', 'notes'], ['5066', 'serial=30AD2E1', '1e6', '70', '310.8e6', 'A:A', 'TX RX', 'Decodes X10 signals and prints the output.']]
08/09/2022 01:01:11 PM - fge: Executing Callback: protocolDiscoveryFG_Start with parameters ['X10_OOK_USRPB210_Demod.py', ['zmq_port', 'serial', 'sample_rate', 'rx_usrp_gain', 'rx_usrp_frequency', 'rx_usrp_channel', 'rx_usrp_antenna', 'notes'], ['5066', 'serial=30AD2E1', '1e6', '70', '310.8e6', 'A:A', 'TX/RX', 'Decodes X10 signals and prints the output.']]
08/09/2022 01:01:13 PM - fge: Sending message: FGE: Flow Graph Started PD
08/09/2022 01:01:14 PM - hiprfisr: Received message: FGE: Flow Graph Started PD
08/09/2022 01:01:14 PM - dashboard: Received message: FGE: Flow Graph Started PD
08/09/2022 01:01:54 PM - dashboard: Sending message: Dashboard: Set Window Parameters ['4', '8', '10', '2']
08/09/2022 01:01:54 PM - dashboard: Sending message: Dashboard: Find Preambles $Parameters
08/09/2022 01:01:55 PM - hiprfisr: Received message: Dashboard: Set Window Parameters ['4', '8', '10', '2']
08/09/2022 01:01:55 PM - hiprfisr: Executing Callback: setWindowParameters with parameters ['4', '8', '10', '2']
08/09/2022 01:01:55 PM - hiprfisr: Sending message: HIPRFISR: Set Window Parameters ['4', '8', '10', '2']
08/09/2022 01:01:55 PM - hiprfisr: Received message: Dashboard: Find Preambles $Parameters
08/09/2022 01:01:55 PM - hiprfisr: Executing Callback: findPreambles with parameters None
08/09/2022 01:01:55 PM - hiprfisr: Sending message: HIPRFISR: Find Preambles $Parameters
08/09/2022 01:01:55 PM - pd: Received message: HIPRFISR: Set Window Parameters ['4', '8', '10', '2']
08/09/2022 01:01:55 PM - pd: Executing Callback: setWindowParameters with parameters ['4', '8', '10', '2']
08/09/2022 01:01:55 PM - pd: Received message: HIPRFISR: Find Preambles $Parameters
08/09/2022 01:01:55 PM - pd: Executing Callback: findPreambles with parameters None
08/09/2022 01:01:55 PM - pd: Sending message: PD: Found Preambles [{'609f08f': (7, 8.0, 8.0, 0.0, 7), 'f10ef60': (7, 8.0, 8.0, 0.0, 9), '30cf60': (6, 8.0, 8.0, 0.0, 7), 'f609f': (5, 8.0, 17.6, 41.845429857990474, 21), '8f7609': (6, 8.0, 8.0, 0.0, 7), '09f10': (5, 8.0, 8.0, 0.0, 9), '09f10ef': (7, 8.0, 8.0, 0.0, 9), 'f609': (4, 8.0, 17.6, 41.845429857990474, 21), '0ef609': (6, 8.0, 8.0, 0.0, 9), '9f10ef6': (7, 8.0, 8.0, 0.0, 9), '609f': (4, 8.0, 8.0, 0.0, 46), '9f986760': (8, 8.0, 8.0, 0.0, 7), 'f10ef6': (6, 8.0, 8.0, 0.0, 9), 'ef609': (5, 8.0, 8.0, 0.0, 9), '0ef6': (4, 8.0, 8.0, 0.0, 9), '09f30cf': (7, 8.0, 8.0, 0.0, 7), '10ef609': (7, 8.0, 8.0, 0.0, 9), '7609f': (5, 8.0, 8.0, 0.0, 24), '609f10e': (7, 8.0, 8.0, 0.0, 9), 'f10ef609': (8, 8.0, 8.0, 0.0, 9), '609f10': (6, 8.0, 8.0, 0.0, 9), 'f9867609': (8, 8.0, 8.0, 0.0, 7), 'ef60': (4, 8.0, 8.0, 0.0, 9), '9f10': (4, 8.0, 8.0, 0.0, 9), 'f10ef': (5, 8.0, 8.0, 0.0, 9), 'f609f1': (6, 8.0, 8.0, 0.0, 9), '609f10ef': (8, 8.0, 8.0, 0.0, 9), '0ef609f': (7, 8.0, 8.0, 0.0, 9), '10ef': (4, 8.0, 8.0, 0.0, 9), '09f2': (4, 8.0, 19.555555555555557, 32.684046774844866, 10), 'f10e': (4, 8.0, 8.0, 0.0, 9), '0ef60': (5, 8.0, 8.0, 0.0, 9), 'ef609f10': (8, 8.0, 8.0, 0.0, 8), '09f10ef6': (8, 8.0, 8.0, 0.0, 9), '609f1': (5, 8.0, 8.0, 0.0, 9), '609f2': (5, 8.0, 19.555555555555557, 32.684046774844866, 10), '9f10ef60': (8, 8.0, 8.0, 0.0, 9), 'f609f10e': (8, 8.0, 8.0, 0.0, 9), 'ef609f1': (7, 8.0, 8.0, 0.0, 8), 'f609f10': (7, 8.0, 8.0, 0.0, 9), '09f1': (4, 8.0, 8.0, 0.0, 9), '09f10e': (6, 8.0, 8.0, 0.0, 9), '7609': (4, 8.0, 8.0, 0.0, 24), '10ef60': (6, 8.0, 8.0, 0.0, 9), 'ef609f': (6, 8.0, 8.0, 0.0, 9), '10ef6': (5, 8.0, 8.0, 0.0, 9), '9f10e': (5, 8.0, 8.0, 0.0, 9), '9f10ef': (6, 8.0, 8.0, 0.0, 9), '10ef609f': (8, 8.0, 8.0, 0.0, 9), '0ef609f1': (8, 8.0, 8.0, 0.0, 8)}, {'f10ef60': (7, 8.0, 8.0, 0.0, 9), '09f10': (5, 8.0, 8.0, 0.0, 9), '09f10ef': (7, 8.0, 8.0, 0.0, 9), 'f10ef': (5, 8.0, 8.0, 0.0, 9), '0ef609': (6, 8.0, 8.0, 0.0, 9), '9f10ef6': (7, 8.0, 8.0, 0.0, 9), 'f10ef6': (6, 8.0, 8.0, 0.0, 9), '9f10ef60': (8, 8.0, 8.0, 0.0, 9), '0ef6': (4, 8.0, 8.0, 0.0, 9), '10ef609': (7, 8.0, 8.0, 0.0, 9), '609f10e': (7, 8.0, 8.0, 0.0, 9), 'f10ef609': (8, 8.0, 8.0, 0.0, 9), '609f10': (6, 8.0, 8.0, 0.0, 9), 'ef60': (4, 8.0, 8.0, 0.0, 9), '9f10': (4, 8.0, 8.0, 0.0, 9), 'ef609f': (6, 8.0, 8.0, 0.0, 9), '609f10ef': (8, 8.0, 8.0, 0.0, 9), '0ef609f': (7, 8.0, 8.0, 0.0, 9), '10ef': (4, 8.0, 8.0, 0.0, 9), 'f10e': (4, 8.0, 8.0, 0.0, 9), '0ef60': (5, 8.0, 8.0, 0.0, 9), '09f10ef6': (8, 8.0, 8.0, 0.0, 9), '609f1': (5, 8.0, 8.0, 0.0, 9), 'ef609': (5, 8.0, 8.0, 0.0, 9), 'f609f10e': (8, 8.0, 8.0, 0.0, 9), 'f609f10': (7, 8.0, 8.0, 0.0, 9), '09f1': (4, 8.0, 8.0, 0.0, 9), '09f10e': (6, 8.0, 8.0, 0.0, 9), '10ef60': (6, 8.0, 8.0, 0.0, 9), 'f609f1': (6, 8.0, 8.0, 0.0, 9), '10ef6': (5, 8.0, 8.0, 0.0, 9), '9f10e': (5, 8.0, 8.0, 0.0, 9), '9f10ef': (6, 8.0, 8.0, 0.0, 9), '10ef609f': (8, 8.0, 8.0, 0.0, 9)}, {'609f10ef': (8, 8.0, 8.0, 0.0, 9), 'f10ef609': (8, 8.0, 8.0, 0.0, 9), '10ef609f': (8, 8.0, 8.0, 0.0, 9), 'f9867609': (8, 8.0, 8.0, 0.0, 7), 'ef609f10': (8, 8.0, 8.0, 0.0, 8), '9f986760': (8, 8.0, 8.0, 0.0, 7), '09f10ef6': (8, 8.0, 8.0, 0.0, 9), '9f10ef60': (8, 8.0, 8.0, 0.0, 9), '0ef609f1': (8, 8.0, 8.0, 0.0, 8), 'f609f10e': (8, 8.0, 8.0, 0.0, 9)}]
08/09/2022 01:01:56 PM - hiprfisr: Received message: PD: Found Preambles [{'609f08f': (7, 8.0, 8.0, 0.0, 7), 'f10ef60': (7, 8.0, 8.0, 0.0, 9), '30cf60': (6, 8.0, 8.0, 0.0, 7), 'f609f': (5, 8.0, 17.6, 41.845429857990474, 21), '8f7609': (6, 8.0, 8.0, 0.0, 7), '09f10': (5, 8.0, 8.0, 0.0, 9), '09f10ef': (7, 8.0, 8.0, 0.0, 9), 'f609': (4, 8.0, 17.6, 41.845429857990474, 21), '0ef609': (6, 8.0, 8.0, 0.0, 9), '9f10ef6': (7, 8.0, 8.0, 0.0, 9), '609f': (4, 8.0, 8.0, 0.0, 46), '9f986760': (8, 8.0, 8.0, 0.0, 7), 'f10ef6': (6, 8.0, 8.0, 0.0, 9), 'ef609': (5, 8.0, 8.0, 0.0, 9), '0ef6': (4, 8.0, 8.0, 0.0, 9), '09f30cf': (7, 8.0, 8.0, 0.0, 7), '10ef609': (7, 8.0, 8.0, 0.0, 9), '7609f': (5, 8.0, 8.0, 0.0, 24), '609f10e': (7, 8.0, 8.0, 0.0, 9), 'f10ef609': (8, 8.0, 8.0, 0.0, 9), '609f10': (6, 8.0, 8.0, 0.0, 9), 'f9867609': (8, 8.0, 8.0, 0.0, 7), 'ef60': (4, 8.0, 8.0, 0.0, 9), '9f10': (4, 8.0, 8.0, 0.0, 9), 'f10ef': (5, 8.0, 8.0, 0.0, 9), 'f609f1': (6, 8.0, 8.0, 0.0, 9), '609f10ef': (8, 8.0, 8.0, 0.0, 9), '0ef609f': (7, 8.0, 8.0, 0.0, 9), '10ef': (4, 8.0, 8.0, 0.0, 9), '09f2': (4, 8.0, 19.555555555555557, 32.684046774844866, 10), 'f10e': (4, 8.0, 8.0, 0.0, 9), '0ef60': (5, 8.0, 8.0, 0.0, 9), 'ef609f10': (8, 8.0, 8.0, 0.0, 8), '09f10ef6': (8, 8.0, 8.0, 0.0, 9), '609f1': (5, 8.0, 8.0, 0.0, 9), '609f2': (5, 8.0, 19.555555555555557, 32.684046774844866, 10), '9f10ef60': (8, 8.0, 8.0, 0.0, 9), 'f609f10e': (8, 8.0, 8.0, 0.0, 9), 'ef609f1': (7, 8.0, 8.0, 0.0, 8), 'f609f10': (7, 8.0, 8.0, 0.0, 9), '09f1': (4, 8.0, 8.0, 0.0, 9), '09f10e': (6, 8.0, 8.0, 0.0, 9), '7609': (4, 8.0, 8.0, 0.0, 24), '10ef60': (6, 8.0, 8.0, 0.0, 9), 'ef609f': (6, 8.0, 8.0, 0.0, 9), '10ef6': (5, 8.0, 8.0, 0.0, 9), '9f10e': (5, 8.0, 8.0, 0.0, 9), '9f10ef': (6, 8.0, 8.0, 0.0, 9), '10ef609f': (8, 8.0, 8.0, 0.0, 9), '0ef609f1': (8, 8.0, 8.0, 0.0, 8)}, {'f10ef60': (7, 8.0, 8.0, 0.0, 9), '09f10': (5, 8.0, 8.0, 0.0, 9), '09f10ef': (7, 8.0, 8.0, 0.0, 9), 'f10ef': (5, 8.0, 8.0, 0.0, 9), '0ef609': (6, 8.0, 8.0, 0.0, 9), '9f10ef6': (7, 8.0, 8.0, 0.0, 9), 'f10ef6': (6, 8.0, 8.0, 0.0, 9), '9f10ef60': (8, 8.0, 8.0, 0.0, 9), '0ef6': (4, 8.0, 8.0, 0.0, 9), '10ef609': (7, 8.0, 8.0, 0.0, 9), '609f10e': (7, 8.0, 8.0, 0.0, 9), 'f10ef609': (8, 8.0, 8.0, 0.0, 9), '609f10': (6, 8.0, 8.0, 0.0, 9), 'ef60': (4, 8.0, 8.0, 0.0, 9), '9f10': (4, 8.0, 8.0, 0.0, 9), 'ef609f': (6, 8.0, 8.0, 0.0, 9), '609f10ef': (8, 8.0, 8.0, 0.0, 9), '0ef609f': (7, 8.0, 8.0, 0.0, 9), '10ef': (4, 8.0, 8.0, 0.0, 9), 'f10e': (4, 8.0, 8.0, 0.0, 9), '0ef60': (5, 8.0, 8.0, 0.0, 9), '09f10ef6': (8, 8.0, 8.0, 0.0, 9), '609f1': (5, 8.0, 8.0, 0.0, 9), 'ef609': (5, 8.0, 8.0, 0.0, 9), 'f609f10e': (8, 8.0, 8.0, 0.0, 9), 'f609f10': (7, 8.0, 8.0, 0.0, 9), '09f1': (4, 8.0, 8.0, 0.0, 9), '09f10e': (6, 8.0, 8.0, 0.0, 9), '10ef60': (6, 8.0, 8.0, 0.0, 9), 'f609f1': (6, 8.0, 8.0, 0.0, 9), '10ef6': (5, 8.0, 8.0, 0.0, 9), '9f10e': (5, 8.0, 8.0, 0.0, 9), '9f10ef': (6, 8.0, 8.0, 0.0, 9), '10ef609f': (8, 8.0, 8.0, 0.0, 9)}, {'609f10ef': (8, 8.0, 8.0, 0.0, 9), 'f10ef609': (8, 8.0, 8.0, 0.0, 9), '10ef609f': (8, 8.0, 8.0, 0.0, 9), 'f9867609': (8, 8.0, 8.0, 0.0, 7), 'ef609f10': (8, 8.0, 8.0, 0.0, 8), '9f986760': (8, 8.0, 8.0, 0.0, 7), '09f10ef6': (8, 8.0, 8.0, 0.0, 9), '9f10ef60': (8, 8.0, 8.0, 0.0, 9), '0ef609f1': (8, 8.0, 8.0, 0.0, 8), 'f609f10e': (8, 8.0, 8.0, 0.0, 9)}]
08/09/2022 01:01:56 PM - dashboard: Received message: PD: Found Preambles [{'609f08f': (7, 8.0, 8.0, 0.0, 7), 'f10ef60': (7, 8.0, 8.0, 0.0, 9), '30cf60': (6, 8.0, 8.0, 0.0, 7), 'f609f': (5, 8.0, 17.6, 41.845429857990474, 21), '8f7609': (6, 8.0, 8.0, 0.0, 7), '09f10': (5, 8.0, 8.0, 0.0, 9), '09f10ef': (7, 8.0, 8.0, 0.0, 9), 'f609': (4, 8.0, 17.6, 41.845429857990474, 21), '0ef609': (6, 8.0, 8.0, 0.0, 9), '9f10ef6': (7, 8.0, 8.0, 0.0, 9), '609f': (4, 8.0, 8.0, 0.0, 46), '9f986760': (8, 8.0, 8.0, 0.0, 7), 'f10ef6': (6, 8.0, 8.0, 0.0, 9), 'ef609': (5, 8.0, 8.0, 0.0, 9), '0ef6': (4, 8.0, 8.0, 0.0, 9), '09f30cf': (7, 8.0, 8.0, 0.0, 7), '10ef609': (7, 8.0, 8.0, 0.0, 9), '7609f': (5, 8.0, 8.0, 0.0, 24), '609f10e': (7, 8.0, 8.0, 0.0, 9), 'f10ef609': (8, 8.0, 8.0, 0.0, 9), '609f10': (6, 8.0, 8.0, 0.0, 9), 'f9867609': (8, 8.0, 8.0, 0.0, 7), 'ef60': (4, 8.0, 8.0, 0.0, 9), '9f10': (4, 8.0, 8.0, 0.0, 9), 'f10ef': (5, 8.0, 8.0, 0.0, 9), 'f609f1': (6, 8.0, 8.0, 0.0, 9), '609f10ef': (8, 8.0, 8.0, 0.0, 9), '0ef609f': (7, 8.0, 8.0, 0.0, 9), '10ef': (4, 8.0, 8.0, 0.0, 9), '09f2': (4, 8.0, 19.555555555555557, 32.684046774844866, 10), 'f10e': (4, 8.0, 8.0, 0.0, 9), '0ef60': (5, 8.0, 8.0, 0.0, 9), 'ef609f10': (8, 8.0, 8.0, 0.0, 8), '09f10ef6': (8, 8.0, 8.0, 0.0, 9), '609f1': (5, 8.0, 8.0, 0.0, 9), '609f2': (5, 8.0, 19.555555555555557, 32.684046774844866, 10), '9f10ef60': (8, 8.0, 8.0, 0.0, 9), 'f609f10e': (8, 8.0, 8.0, 0.0, 9), 'ef609f1': (7, 8.0, 8.0, 0.0, 8), 'f609f10': (7, 8.0, 8.0, 0.0, 9), '09f1': (4, 8.0, 8.0, 0.0, 9), '09f10e': (6, 8.0, 8.0, 0.0, 9), '7609': (4, 8.0, 8.0, 0.0, 24), '10ef60': (6, 8.0, 8.0, 0.0, 9), 'ef609f': (6, 8.0, 8.0, 0.0, 9), '10ef6': (5, 8.0, 8.0, 0.0, 9), '9f10e': (5, 8.0, 8.0, 0.0, 9), '9f10ef': (6, 8.0, 8.0, 0.0, 9), '10ef609f': (8, 8.0, 8.0, 0.0, 9), '0ef609f1': (8, 8.0, 8.0, 0.0, 8)}, {'f10ef60': (7, 8.0, 8.0, 0.0, 9), '09f10': (5, 8.0, 8.0, 0.0, 9), '09f10ef': (7, 8.0, 8.0, 0.0, 9), 'f10ef': (5, 8.0, 8.0, 0.0, 9), '0ef609': (6, 8.0, 8.0, 0.0, 9), '9f10ef6': (7, 8.0, 8.0, 0.0, 9), 'f10ef6': (6, 8.0, 8.0, 0.0, 9), '9f10ef60': (8, 8.0, 8.0, 0.0, 9), '0ef6': (4, 8.0, 8.0, 0.0, 9), '10ef609': (7, 8.0, 8.0, 0.0, 9), '609f10e': (7, 8.0, 8.0, 0.0, 9), 'f10ef609': (8, 8.0, 8.0, 0.0, 9), '609f10': (6, 8.0, 8.0, 0.0, 9), 'ef60': (4, 8.0, 8.0, 0.0, 9), '9f10': (4, 8.0, 8.0, 0.0, 9), 'ef609f': (6, 8.0, 8.0, 0.0, 9), '609f10ef': (8, 8.0, 8.0, 0.0, 9), '0ef609f': (7, 8.0, 8.0, 0.0, 9), '10ef': (4, 8.0, 8.0, 0.0, 9), 'f10e': (4, 8.0, 8.0, 0.0, 9), '0ef60': (5, 8.0, 8.0, 0.0, 9), '09f10ef6': (8, 8.0, 8.0, 0.0, 9), '609f1': (5, 8.0, 8.0, 0.0, 9), 'ef609': (5, 8.0, 8.0, 0.0, 9), 'f609f10e': (8, 8.0, 8.0, 0.0, 9), 'f609f10': (7, 8.0, 8.0, 0.0, 9), '09f1': (4, 8.0, 8.0, 0.0, 9), '09f10e': (6, 8.0, 8.0, 0.0, 9), '10ef60': (6, 8.0, 8.0, 0.0, 9), 'f609f1': (6, 8.0, 8.0, 0.0, 9), '10ef6': (5, 8.0, 8.0, 0.0, 9), '9f10e': (5, 8.0, 8.0, 0.0, 9), '9f10ef': (6, 8.0, 8.0, 0.0, 9), '10ef609f': (8, 8.0, 8.0, 0.0, 9)}, {'609f10ef': (8, 8.0, 8.0, 0.0, 9), 'f10ef609': (8, 8.0, 8.0, 0.0, 9), '10ef609f': (8, 8.0, 8.0, 0.0, 9), 'f9867609': (8, 8.0, 8.0, 0.0, 7), 'ef609f10': (8, 8.0, 8.0, 0.0, 8), '9f986760': (8, 8.0, 8.0, 0.0, 7), '09f10ef6': (8, 8.0, 8.0, 0.0, 9), '9f10ef60': (8, 8.0, 8.0, 0.0, 9), '0ef609f1': (8, 8.0, 8.0, 0.0, 8), 'f609f10e': (8, 8.0, 8.0, 0.0, 9)}]
08/09/2022 01:02:12 PM - dashboard: Sending message: Dashboard: Slice By Preamble ['609f', '20', '0']
08/09/2022 01:02:12 PM - hiprfisr: Received message: Dashboard: Slice By Preamble ['609f', '20', '0']
08/09/2022 01:02:12 PM - hiprfisr: Executing Callback: sliceByPreamble with parameters ['609f', '20', '0']
08/09/2022 01:02:12 PM - hiprfisr: Sending message: HIPRFISR: Slice By Preamble ['609f', '20', '0']
08/09/2022 01:02:12 PM - pd: Received message: HIPRFISR: Slice By Preamble ['609f', '20', '0']
08/09/2022 01:02:12 PM - pd: Executing Callback: sliceByPreamble with parameters ['609f', '20', '0']
08/09/2022 01:02:12 PM - pd: Sending message: PD: Slice By Preamble Return [[(8, 45), (7, 1)], {8: ['609f30cf', '609f30cf', '609f30cf', '609f30cf', '609f30cf', '609f30cf', '609f30cf', '609f10ef', '609f10ef', '609f10ef', '609f10ef', '609f10ef', '609f10ef', '609f10ef', '609f10ef', '609f10ef', '609f08f7', '609f08f7', '609f08f7', '609f08f7'], 7: ['609f20d']}]
08/09/2022 01:02:13 PM - hiprfisr: Received message: PD: Slice By Preamble Return [[(8, 45), (7, 1)], {8: ['609f30cf', '609f30cf', '609f30cf', '609f30cf', '609f30cf', '609f30cf', '609f30cf', '609f10ef', '609f10ef', '609f10ef', '609f10ef', '609f10ef', '609f10ef', '609f10ef', '609f10ef', '609f10ef', '609f08f7', '609f08f7', '609f08f7', '609f08f7'], 7: ['609f20d']}]
08/09/2022 01:02:13 PM - dashboard: Received message: PD: Slice By Preamble Return [[(8, 45), (7, 1)], {8: ['609f30cf', '609f30cf', '609f30cf', '609f30cf', '609f30cf', '609f30cf', '609f30cf', '609f10ef', '609f10ef', '609f10ef', '609f10ef', '609f10ef', '609f10ef', '609f10ef', '609f10ef', '609f10ef', '609f08f7', '609f08f7', '609f08f7', '609f08f7'], 7: ['609f20d']}]
08/09/2022 01:02:24 PM - dashboard: Sending message: Dashboard: Find Entropy [32, '609f']
08/09/2022 01:02:25 PM - hiprfisr: Received message: Dashboard: Find Entropy [32, '609f']
08/09/2022 01:02:25 PM - hiprfisr: Executing Callback: findEntropy with parameters [32, '609f']
08/09/2022 01:02:25 PM - hiprfisr: Sending message: HIPRFISR: Find Entropy [32, '609f']
08/09/2022 01:02:25 PM - pd: Received message: HIPRFISR: Find Entropy [32, '609f']
08/09/2022 01:02:25 PM - pd: Executing Callback: findEntropyCallback with parameters [32, '609f']
08/09/2022 01:02:25 PM - pd: Sending message: PD: Entropy Return [0.0, 0.0, 0.0, 0.0, 0.0, 0.0, 0.0, 0.0, 0.0, 0.0, 0.0, 0.0, 0.0, 0.0, 0.0, 0.0, 0.87, 0.0, 0.94, 1.0, 1.0, 0.0, 0.0, 0.0, 0.87, 0.0, 0.94, 1.0, 1.0, 0.0, 0.0, 0.0]
08/09/2022 01:02:26 PM - hiprfisr: Received message: PD: Entropy Return [0.0, 0.0, 0.0, 0.0, 0.0, 0.0, 0.0, 0.0, 0.0, 0.0, 0.0, 0.0, 0.0, 0.0, 0.0, 0.0, 0.87, 0.0, 0.94, 1.0, 1.0, 0.0, 0.0, 0.0, 0.87, 0.0, 0.94, 1.0, 1.0, 0.0, 0.0, 0.0]
08/09/2022 01:02:26 PM - dashboard: Received message: PD: Entropy Return [0.0, 0.0, 0.0, 0.0, 0.0, 0.0, 0.0, 0.0, 0.0, 0.0, 0.0, 0.0, 0.0, 0.0, 0.0, 0.0, 0.87, 0.0, 0.94, 1.0, 1.0, 0.0, 0.0, 0.0, 0.87, 0.0, 0.94, 1.0, 1.0, 0.0, 0.0, 0.0]
08/09/2022 01:02:26 PM - matplotlib.font_manager: findfont: Matching :family=DejaVu Sans:style=normal:variant=normal:weight=normal:stretch=normal:size=12.0 to DejaVu Sans (u'/usr/local/lib/python2.7/dist-packages/matplotlib/mpl-data/fonts/ttf/DejaVuSans.ttf') with score of 0.050000
08/09/2022 01:04:51 PM - dashboard: Sending message: Dashboard: Run Sniffer Flow Graph [' home user FISSURE Flow Graph Library Sniffer Flow Graphs Sniffer_async.py', ['address', 'port'], ['127.0.0.1:5066', '55555']]
08/09/2022 01:04:51 PM - hiprfisr: Received message: Dashboard: Run Sniffer Flow Graph [' home user FISSURE Flow Graph Library Sniffer Flow Graphs Sniffer_async.py', ['address', 'port'], ['127.0.0.1:5066', '55555']]
08/09/2022 01:04:51 PM - hiprfisr: Executing Callback: snifferFlowGraphStart with parameters ['/home/user/FISSURE/Flow Graph Library/Sniffer Flow Graphs/Sniffer_async.py', ['address', 'port'], ['127.0.0.1:5066', '55555']]
08/09/2022 01:04:51 PM - hiprfisr: Sending message: HIPRFISR: Run Sniffer Flow Graph [' home user FISSURE Flow Graph Library Sniffer Flow Graphs Sniffer_async.py', ['address', 'port'], ['127.0.0.1:5066', '55555']]
08/09/2022 01:04:52 PM - fge: Received message: HIPRFISR: Run Sniffer Flow Graph [' home user FISSURE Flow Graph Library Sniffer Flow Graphs Sniffer_async.py', ['address', 'port'], ['127.0.0.1:5066', '55555']]
08/09/2022 01:04:52 PM - fge: Executing Callback: snifferFlowGraphStart with parameters ['/home/user/FISSURE/Flow Graph Library/Sniffer Flow Graphs/Sniffer_async.py', ['address', 'port'], ['127.0.0.1:5066', '55555']]
08/09/2022 01:04:52 PM - fge: Sending message: FGE: Flow Graph Started Sniffer Message PDU
08/09/2022 01:04:52 PM - hiprfisr: Received message: FGE: Flow Graph Started Sniffer Message PDU
08/09/2022 01:04:52 PM - dashboard: Received message: FGE: Flow Graph Started Sniffer Message PDU
08/09/2022 01:04:56 PM - dashboard: Sending message: Dashboard: Stop Sniffer Flow Graph Message PDU
08/09/2022 01:04:57 PM - hiprfisr: Received message: Dashboard: Stop Sniffer Flow Graph Message PDU
08/09/2022 01:04:57 PM - hiprfisr: Executing Callback: snifferFlowGraphStop with parameters Message/PDU
08/09/2022 01:04:57 PM - hiprfisr: Sending message: HIPRFISR: Stop Sniffer Flow Graph [['Message PDU']]
08/09/2022 01:04:58 PM - fge: Received message: HIPRFISR: Stop Sniffer Flow Graph [['Message PDU']]
08/09/2022 01:04:58 PM - fge: Executing Callback: snifferFlowGraphStop with parameters [['Message/PDU']]
08/09/2022 01:04:58 PM - fge: Sending message: FGE: Flow Graph Finished Sniffer Message PDU
08/09/2022 01:04:58 PM - hiprfisr: Received message: FGE: Flow Graph Finished Sniffer Message PDU
08/09/2022 01:04:58 PM - dashboard: Received message: FGE: Flow Graph Finished Sniffer Message PDU
08/09/2022 01:05:00 PM - dashboard: Sending message: Dashboard: Run Sniffer Flow Graph [' home user FISSURE Flow Graph Library Sniffer Flow Graphs Sniffer_async.py', ['address', 'port'], ['127.0.0.1:5066', '50001']]
08/09/2022 01:05:00 PM - hiprfisr: Received message: Dashboard: Run Sniffer Flow Graph [' home user FISSURE Flow Graph Library Sniffer Flow Graphs Sniffer_async.py', ['address', 'port'], ['127.0.0.1:5066', '50001']]
08/09/2022 01:05:00 PM - hiprfisr: Executing Callback: snifferFlowGraphStart with parameters ['/home/user/FISSURE/Flow Graph Library/Sniffer Flow Graphs/Sniffer_async.py', ['address', 'port'], ['127.0.0.1:5066', '50001']]
08/09/2022 01:05:00 PM - hiprfisr: Sending message: HIPRFISR: Run Sniffer Flow Graph [' home user FISSURE Flow Graph Library Sniffer Flow Graphs Sniffer_async.py', ['address', 'port'], ['127.0.0.1:5066', '50001']]
08/09/2022 01:05:01 PM - fge: Received message: HIPRFISR: Run Sniffer Flow Graph [' home user FISSURE Flow Graph Library Sniffer Flow Graphs Sniffer_async.py', ['address', 'port'], ['127.0.0.1:5066', '50001']]
08/09/2022 01:05:01 PM - fge: Executing Callback: snifferFlowGraphStart with parameters ['/home/user/FISSURE/Flow Graph Library/Sniffer Flow Graphs/Sniffer_async.py', ['address', 'port'], ['127.0.0.1:5066', '50001']]
08/09/2022 01:05:01 PM - fge: Sending message: FGE: Flow Graph Started Sniffer Message PDU
08/09/2022 01:05:01 PM - hiprfisr: Received message: FGE: Flow Graph Started Sniffer Message PDU
08/09/2022 01:05:01 PM - dashboard: Received message: FGE: Flow Graph Started Sniffer Message PDU
08/09/2022 01:05:40 PM - dashboard: Sending message: Dashboard: Stop Sniffer Flow Graph Message PDU
08/09/2022 01:05:40 PM - hiprfisr: Received message: Dashboard: Stop Sniffer Flow Graph Message PDU
08/09/2022 01:05:40 PM - hiprfisr: Executing Callback: snifferFlowGraphStop with parameters Message/PDU
08/09/2022 01:05:40 PM - hiprfisr: Sending message: HIPRFISR: Stop Sniffer Flow Graph [['Message PDU']]
08/09/2022 01:05:41 PM - fge: Received message: HIPRFISR: Stop Sniffer Flow Graph [['Message PDU']]
08/09/2022 01:05:41 PM - fge: Executing Callback: snifferFlowGraphStop with parameters [['Message/PDU']]
08/09/2022 01:05:41 PM - fge: Sending message: FGE: Flow Graph Finished Sniffer Message PDU
08/09/2022 01:05:41 PM - hiprfisr: Received message: FGE: Flow Graph Finished Sniffer Message PDU
08/09/2022 01:05:41 PM - dashboard: Received message: FGE: Flow Graph Finished Sniffer Message PDU
08/09/2022 01:05:42 PM - dashboard: Sending message: Dashboard: Stop PD Flow Graph 
08/09/2022 01:05:42 PM - hiprfisr: Received message: Dashboard: Stop PD Flow Graph 
08/09/2022 01:05:42 PM - hiprfisr: Executing Callback: protocolDiscoveryFG_Stop with parameters 
08/09/2022 01:05:42 PM - hiprfisr: Sending message: HIPRFISR: Stop PD Flow Graph 
08/09/2022 01:05:43 PM - fge: Received message: HIPRFISR: Stop PD Flow Graph 
08/09/2022 01:05:43 PM - fge: Executing Callback: protocolDiscoveryFG_Stop with parameters 
08/09/2022 01:05:43 PM - fge: Sending message: FGE: Flow Graph Finished PD
08/09/2022 01:05:43 PM - hiprfisr: Received message: FGE: Flow Graph Finished PD
08/09/2022 01:05:43 PM - dashboard: Received message: FGE: Flow Graph Finished PD
08/09/2022 01:07:56 PM - dashboard: Sending message: Dashboard: Run Inspection Flow Graph [' home user FISSURE Flow Graph Library Inspection Flow Graphs time_sink_1_10_100_b210.py', [], [], 'Flow Graph - GUI']
08/09/2022 01:07:56 PM - hiprfisr: Received message: Dashboard: Run Inspection Flow Graph [' home user FISSURE Flow Graph Library Inspection Flow Graphs time_sink_1_10_100_b210.py', [], [], 'Flow Graph - GUI']
08/09/2022 01:07:56 PM - hiprfisr: Executing Callback: inspectionFlowGraphStart with parameters ['/home/user/FISSURE/Flow Graph Library/Inspection Flow Graphs/time_sink_1_10_100_b210.py', [], [], 'Flow Graph - GUI']
08/09/2022 01:07:56 PM - hiprfisr: Sending message: HIPRFISR: Run Inspection Flow Graph [' home user FISSURE Flow Graph Library Inspection Flow Graphs time_sink_1_10_100_b210.py', [], [], 'Flow Graph - GUI']
08/09/2022 01:07:57 PM - fge: Received message: HIPRFISR: Run Inspection Flow Graph [' home user FISSURE Flow Graph Library Inspection Flow Graphs time_sink_1_10_100_b210.py', [], [], 'Flow Graph - GUI']
08/09/2022 01:07:57 PM - fge: Executing Callback: inspectionFlowGraphStart with parameters ['/home/user/FISSURE/Flow Graph Library/Inspection Flow Graphs/time_sink_1_10_100_b210.py', [], [], 'Flow Graph - GUI']
08/09/2022 01:07:57 PM - fge: Sending message: FGE: Flow Graph Started IQ Inspection []
08/09/2022 01:07:57 PM - hiprfisr: Received message: FGE: Flow Graph Started IQ Inspection []
08/09/2022 01:07:58 PM - dashboard: Received message: FGE: Flow Graph Started IQ Inspection []
08/09/2022 01:08:49 PM - dashboard: Sending message: Dashboard: Stop Inspection Flow Graph ['Flow Graph - GUI']
08/09/2022 01:08:50 PM - hiprfisr: Received message: Dashboard: Stop Inspection Flow Graph ['Flow Graph - GUI']
08/09/2022 01:08:50 PM - hiprfisr: Executing Callback: inspectionFlowGraphStop with parameters ['Flow Graph - GUI']
08/09/2022 01:08:50 PM - hiprfisr: Sending message: HIPRFISR: Stop Inspection Flow Graph ['Flow Graph - GUI']
08/09/2022 01:08:50 PM - fge: Received message: HIPRFISR: Stop Inspection Flow Graph ['Flow Graph - GUI']
08/09/2022 01:08:50 PM - fge: Executing Callback: inspectionFlowGraphStop with parameters ['Flow Graph - GUI']
08/09/2022 01:09:11 PM - dashboard: Sending message: Dashboard: Run IQ Flow Graph ['iq_recorder_b210', ['filepath', 'ip_address', 'rx_channel', 'rx_frequency', 'sample_rate', 'rx_gain', 'rx_antenna', 'file_length', 'serial'], [' home user FISSURE IQ Recordings x10.iq', '', 'A:A', '311', '2', '70', 'TX RX', '1000000', 'serial=30AD2E1'], 'Flow Graph']
08/09/2022 01:09:12 PM - hiprfisr: Received message: Dashboard: Run IQ Flow Graph ['iq_recorder_b210', ['filepath', 'ip_address', 'rx_channel', 'rx_frequency', 'sample_rate', 'rx_gain', 'rx_antenna', 'file_length', 'serial'], [' home user FISSURE IQ Recordings x10.iq', '', 'A:A', '311', '2', '70', 'TX RX', '1000000', 'serial=30AD2E1'], 'Flow Graph']
08/09/2022 01:09:12 PM - hiprfisr: Executing Callback: iqFlowGraphStart with parameters ['iq_recorder_b210', ['filepath', 'ip_address', 'rx_channel', 'rx_frequency', 'sample_rate', 'rx_gain', 'rx_antenna', 'file_length', 'serial'], ['/home/user/FISSURE/IQ Recordings/x10.iq', '', 'A:A', '311', '2', '70', 'TX/RX', '1000000', 'serial=30AD2E1'], 'Flow Graph']
08/09/2022 01:09:12 PM - hiprfisr: Sending message: HIPRFISR: Run IQ Flow Graph ['iq_recorder_b210', ['filepath', 'ip_address', 'rx_channel', 'rx_frequency', 'sample_rate', 'rx_gain', 'rx_antenna', 'file_length', 'serial'], [' home user FISSURE IQ Recordings x10.iq', '', 'A:A', '311', '2', '70', 'TX RX', '1000000', 'serial=30AD2E1'], 'Flow Graph']
08/09/2022 01:09:12 PM - fge: Received message: HIPRFISR: Run IQ Flow Graph ['iq_recorder_b210', ['filepath', 'ip_address', 'rx_channel', 'rx_frequency', 'sample_rate', 'rx_gain', 'rx_antenna', 'file_length', 'serial'], [' home user FISSURE IQ Recordings x10.iq', '', 'A:A', '311', '2', '70', 'TX RX', '1000000', 'serial=30AD2E1'], 'Flow Graph']
08/09/2022 01:09:12 PM - fge: Executing Callback: iqFlowGraphStart with parameters ['iq_recorder_b210', ['filepath', 'ip_address', 'rx_channel', 'rx_frequency', 'sample_rate', 'rx_gain', 'rx_antenna', 'file_length', 'serial'], ['/home/user/FISSURE/IQ Recordings/x10.iq', '', 'A:A', '311', '2', '70', 'TX/RX', '1000000', 'serial=30AD2E1'], 'Flow Graph']
08/09/2022 01:09:15 PM - fge: Sending message: FGE: Flow Graph Started IQ []
08/09/2022 01:09:15 PM - hiprfisr: Received message: FGE: Flow Graph Started IQ []
08/09/2022 01:09:15 PM - dashboard: Received message: FGE: Flow Graph Started IQ []
08/09/2022 01:09:15 PM - fge: Sending message: FGE: Flow Graph Finished IQ []
08/09/2022 01:09:16 PM - hiprfisr: Received message: FGE: Flow Graph Finished IQ []
08/09/2022 01:09:16 PM - dashboard: Received message: FGE: Flow Graph Finished IQ []
08/09/2022 01:09:25 PM - dashboard: Sending message: Dashboard: Run IQ Flow Graph ['iq_recorder_b210', ['filepath', 'ip_address', 'rx_channel', 'rx_frequency', 'sample_rate', 'rx_gain', 'rx_antenna', 'file_length', 'serial'], [' home user FISSURE IQ Recordings x10.iq', '', 'A:A', '311', '2', '70', 'TX RX', '2000000', 'serial=30AD2E1'], 'Flow Graph']
08/09/2022 01:09:25 PM - hiprfisr: Received message: Dashboard: Run IQ Flow Graph ['iq_recorder_b210', ['filepath', 'ip_address', 'rx_channel', 'rx_frequency', 'sample_rate', 'rx_gain', 'rx_antenna', 'file_length', 'serial'], [' home user FISSURE IQ Recordings x10.iq', '', 'A:A', '311', '2', '70', 'TX RX', '2000000', 'serial=30AD2E1'], 'Flow Graph']
08/09/2022 01:09:25 PM - hiprfisr: Executing Callback: iqFlowGraphStart with parameters ['iq_recorder_b210', ['filepath', 'ip_address', 'rx_channel', 'rx_frequency', 'sample_rate', 'rx_gain', 'rx_antenna', 'file_length', 'serial'], ['/home/user/FISSURE/IQ Recordings/x10.iq', '', 'A:A', '311', '2', '70', 'TX/RX', '2000000', 'serial=30AD2E1'], 'Flow Graph']
08/09/2022 01:09:25 PM - hiprfisr: Sending message: HIPRFISR: Run IQ Flow Graph ['iq_recorder_b210', ['filepath', 'ip_address', 'rx_channel', 'rx_frequency', 'sample_rate', 'rx_gain', 'rx_antenna', 'file_length', 'serial'], [' home user FISSURE IQ Recordings x10.iq', '', 'A:A', '311', '2', '70', 'TX RX', '2000000', 'serial=30AD2E1'], 'Flow Graph']
08/09/2022 01:09:26 PM - fge: Received message: HIPRFISR: Run IQ Flow Graph ['iq_recorder_b210', ['filepath', 'ip_address', 'rx_channel', 'rx_frequency', 'sample_rate', 'rx_gain', 'rx_antenna', 'file_length', 'serial'], [' home user FISSURE IQ Recordings x10.iq', '', 'A:A', '311', '2', '70', 'TX RX', '2000000', 'serial=30AD2E1'], 'Flow Graph']
08/09/2022 01:09:26 PM - fge: Executing Callback: iqFlowGraphStart with parameters ['iq_recorder_b210', ['filepath', 'ip_address', 'rx_channel', 'rx_frequency', 'sample_rate', 'rx_gain', 'rx_antenna', 'file_length', 'serial'], ['/home/user/FISSURE/IQ Recordings/x10.iq', '', 'A:A', '311', '2', '70', 'TX/RX', '2000000', 'serial=30AD2E1'], 'Flow Graph']
08/09/2022 01:09:28 PM - fge: Sending message: FGE: Flow Graph Started IQ []
08/09/2022 01:09:29 PM - hiprfisr: Received message: FGE: Flow Graph Started IQ []
08/09/2022 01:09:29 PM - dashboard: Received message: FGE: Flow Graph Started IQ []
08/09/2022 01:09:29 PM - fge: Sending message: FGE: Flow Graph Finished IQ []
08/09/2022 01:09:30 PM - hiprfisr: Received message: FGE: Flow Graph Finished IQ []
08/09/2022 01:09:30 PM - dashboard: Received message: FGE: Flow Graph Finished IQ []
08/09/2022 01:09:35 PM - dashboard: Sending message: Dashboard: Run IQ Flow Graph ['iq_recorder_b210', ['filepath', 'ip_address', 'rx_channel', 'rx_frequency', 'sample_rate', 'rx_gain', 'rx_antenna', 'file_length', 'serial'], [' home user FISSURE IQ Recordings x10.iq', '', 'A:A', '311', '2', '70', 'TX RX', '2000000', 'serial=30AD2E1'], 'Flow Graph']
08/09/2022 01:09:36 PM - hiprfisr: Received message: Dashboard: Run IQ Flow Graph ['iq_recorder_b210', ['filepath', 'ip_address', 'rx_channel', 'rx_frequency', 'sample_rate', 'rx_gain', 'rx_antenna', 'file_length', 'serial'], [' home user FISSURE IQ Recordings x10.iq', '', 'A:A', '311', '2', '70', 'TX RX', '2000000', 'serial=30AD2E1'], 'Flow Graph']
08/09/2022 01:09:36 PM - hiprfisr: Executing Callback: iqFlowGraphStart with parameters ['iq_recorder_b210', ['filepath', 'ip_address', 'rx_channel', 'rx_frequency', 'sample_rate', 'rx_gain', 'rx_antenna', 'file_length', 'serial'], ['/home/user/FISSURE/IQ Recordings/x10.iq', '', 'A:A', '311', '2', '70', 'TX/RX', '2000000', 'serial=30AD2E1'], 'Flow Graph']
08/09/2022 01:09:36 PM - hiprfisr: Sending message: HIPRFISR: Run IQ Flow Graph ['iq_recorder_b210', ['filepath', 'ip_address', 'rx_channel', 'rx_frequency', 'sample_rate', 'rx_gain', 'rx_antenna', 'file_length', 'serial'], [' home user FISSURE IQ Recordings x10.iq', '', 'A:A', '311', '2', '70', 'TX RX', '2000000', 'serial=30AD2E1'], 'Flow Graph']
08/09/2022 01:09:36 PM - fge: Received message: HIPRFISR: Run IQ Flow Graph ['iq_recorder_b210', ['filepath', 'ip_address', 'rx_channel', 'rx_frequency', 'sample_rate', 'rx_gain', 'rx_antenna', 'file_length', 'serial'], [' home user FISSURE IQ Recordings x10.iq', '', 'A:A', '311', '2', '70', 'TX RX', '2000000', 'serial=30AD2E1'], 'Flow Graph']
08/09/2022 01:09:36 PM - fge: Executing Callback: iqFlowGraphStart with parameters ['iq_recorder_b210', ['filepath', 'ip_address', 'rx_channel', 'rx_frequency', 'sample_rate', 'rx_gain', 'rx_antenna', 'file_length', 'serial'], ['/home/user/FISSURE/IQ Recordings/x10.iq', '', 'A:A', '311', '2', '70', 'TX/RX', '2000000', 'serial=30AD2E1'], 'Flow Graph']
08/09/2022 01:09:38 PM - fge: Sending message: FGE: Flow Graph Started IQ []
08/09/2022 01:09:39 PM - hiprfisr: Received message: FGE: Flow Graph Started IQ []
08/09/2022 01:09:39 PM - dashboard: Received message: FGE: Flow Graph Started IQ []
08/09/2022 01:09:39 PM - fge: Sending message: FGE: Flow Graph Finished IQ []
08/09/2022 01:09:40 PM - hiprfisr: Received message: FGE: Flow Graph Finished IQ []
08/09/2022 01:09:40 PM - dashboard: Received message: FGE: Flow Graph Finished IQ []
08/09/2022 01:09:55 PM - dashboard: Sending message: Dashboard: Run IQ Flow Graph ['iq_recorder_b210', ['filepath', 'ip_address', 'rx_channel', 'rx_frequency', 'sample_rate', 'rx_gain', 'rx_antenna', 'file_length', 'serial'], [' home user FISSURE IQ Recordings x10.iq', '', 'A:A', '311', '2', '70', 'TX RX', '4000000', 'serial=30AD2E1'], 'Flow Graph']
08/09/2022 01:09:56 PM - hiprfisr: Received message: Dashboard: Run IQ Flow Graph ['iq_recorder_b210', ['filepath', 'ip_address', 'rx_channel', 'rx_frequency', 'sample_rate', 'rx_gain', 'rx_antenna', 'file_length', 'serial'], [' home user FISSURE IQ Recordings x10.iq', '', 'A:A', '311', '2', '70', 'TX RX', '4000000', 'serial=30AD2E1'], 'Flow Graph']
08/09/2022 01:09:56 PM - hiprfisr: Executing Callback: iqFlowGraphStart with parameters ['iq_recorder_b210', ['filepath', 'ip_address', 'rx_channel', 'rx_frequency', 'sample_rate', 'rx_gain', 'rx_antenna', 'file_length', 'serial'], ['/home/user/FISSURE/IQ Recordings/x10.iq', '', 'A:A', '311', '2', '70', 'TX/RX', '4000000', 'serial=30AD2E1'], 'Flow Graph']
08/09/2022 01:09:56 PM - hiprfisr: Sending message: HIPRFISR: Run IQ Flow Graph ['iq_recorder_b210', ['filepath', 'ip_address', 'rx_channel', 'rx_frequency', 'sample_rate', 'rx_gain', 'rx_antenna', 'file_length', 'serial'], [' home user FISSURE IQ Recordings x10.iq', '', 'A:A', '311', '2', '70', 'TX RX', '4000000', 'serial=30AD2E1'], 'Flow Graph']
08/09/2022 01:09:56 PM - fge: Received message: HIPRFISR: Run IQ Flow Graph ['iq_recorder_b210', ['filepath', 'ip_address', 'rx_channel', 'rx_frequency', 'sample_rate', 'rx_gain', 'rx_antenna', 'file_length', 'serial'], [' home user FISSURE IQ Recordings x10.iq', '', 'A:A', '311', '2', '70', 'TX RX', '4000000', 'serial=30AD2E1'], 'Flow Graph']
08/09/2022 01:09:56 PM - fge: Executing Callback: iqFlowGraphStart with parameters ['iq_recorder_b210', ['filepath', 'ip_address', 'rx_channel', 'rx_frequency', 'sample_rate', 'rx_gain', 'rx_antenna', 'file_length', 'serial'], ['/home/user/FISSURE/IQ Recordings/x10.iq', '', 'A:A', '311', '2', '70', 'TX/RX', '4000000', 'serial=30AD2E1'], 'Flow Graph']
08/09/2022 01:09:58 PM - fge: Sending message: FGE: Flow Graph Started IQ []
08/09/2022 01:09:59 PM - hiprfisr: Received message: FGE: Flow Graph Started IQ []
08/09/2022 01:09:59 PM - dashboard: Received message: FGE: Flow Graph Started IQ []
08/09/2022 01:10:00 PM - fge: Sending message: FGE: Flow Graph Finished IQ []
08/09/2022 01:10:01 PM - hiprfisr: Received message: FGE: Flow Graph Finished IQ []
08/09/2022 01:10:01 PM - dashboard: Received message: FGE: Flow Graph Finished IQ []
08/09/2022 01:10:36 PM - dashboard: Sending message: Dashboard: Run IQ Flow Graph ['iq_playback_b210', ['filepath', 'ip_address', 'tx_channel', 'tx_frequency', 'sample_rate', 'tx_gain', 'tx_antenna', 'serial'], [' home user FISSURE IQ Recordings x10_cropped.iq', '', 'A:A', '311', '2', '70', 'TX RX', 'serial=30AD2E1'], 'Flow Graph']
08/09/2022 01:10:36 PM - hiprfisr: Received message: Dashboard: Run IQ Flow Graph ['iq_playback_b210', ['filepath', 'ip_address', 'tx_channel', 'tx_frequency', 'sample_rate', 'tx_gain', 'tx_antenna', 'serial'], [' home user FISSURE IQ Recordings x10_cropped.iq', '', 'A:A', '311', '2', '70', 'TX RX', 'serial=30AD2E1'], 'Flow Graph']
08/09/2022 01:10:36 PM - hiprfisr: Executing Callback: iqFlowGraphStart with parameters ['iq_playback_b210', ['filepath', 'ip_address', 'tx_channel', 'tx_frequency', 'sample_rate', 'tx_gain', 'tx_antenna', 'serial'], ['/home/user/FISSURE/IQ Recordings/x10_cropped.iq', '', 'A:A', '311', '2', '70', 'TX/RX', 'serial=30AD2E1'], 'Flow Graph']
08/09/2022 01:10:36 PM - hiprfisr: Sending message: HIPRFISR: Run IQ Flow Graph ['iq_playback_b210', ['filepath', 'ip_address', 'tx_channel', 'tx_frequency', 'sample_rate', 'tx_gain', 'tx_antenna', 'serial'], [' home user FISSURE IQ Recordings x10_cropped.iq', '', 'A:A', '311', '2', '70', 'TX RX', 'serial=30AD2E1'], 'Flow Graph']
08/09/2022 01:10:36 PM - fge: Received message: HIPRFISR: Run IQ Flow Graph ['iq_playback_b210', ['filepath', 'ip_address', 'tx_channel', 'tx_frequency', 'sample_rate', 'tx_gain', 'tx_antenna', 'serial'], [' home user FISSURE IQ Recordings x10_cropped.iq', '', 'A:A', '311', '2', '70', 'TX RX', 'serial=30AD2E1'], 'Flow Graph']
08/09/2022 01:10:36 PM - fge: Executing Callback: iqFlowGraphStart with parameters ['iq_playback_b210', ['filepath', 'ip_address', 'tx_channel', 'tx_frequency', 'sample_rate', 'tx_gain', 'tx_antenna', 'serial'], ['/home/user/FISSURE/IQ Recordings/x10_cropped.iq', '', 'A:A', '311', '2', '70', 'TX/RX', 'serial=30AD2E1'], 'Flow Graph']
08/09/2022 01:10:38 PM - fge: Sending message: FGE: Flow Graph Started IQ Playback []
08/09/2022 01:10:39 PM - hiprfisr: Received message: FGE: Flow Graph Started IQ Playback []
08/09/2022 01:10:39 PM - dashboard: Received message: FGE: Flow Graph Started IQ Playback []
08/09/2022 01:10:40 PM - dashboard: Sending message: Dashboard: Stop IQ Flow Graph ['']
08/09/2022 01:10:40 PM - hiprfisr: Received message: Dashboard: Stop IQ Flow Graph ['']
08/09/2022 01:10:40 PM - hiprfisr: Executing Callback: iqFlowGraphStop with parameters ['']
08/09/2022 01:10:40 PM - hiprfisr: Sending message: HIPRFISR: Stop IQ Flow Graph ['']
08/09/2022 01:10:40 PM - fge: Received message: HIPRFISR: Stop IQ Flow Graph ['']
08/09/2022 01:10:40 PM - fge: Executing Callback: iqFlowGraphStop with parameters ['']
08/09/2022 01:10:40 PM - fge: Sending message: FGE: Flow Graph Finished IQ Playback []
08/09/2022 01:10:41 PM - hiprfisr: Received message: FGE: Flow Graph Finished IQ Playback []
08/09/2022 01:10:41 PM - dashboard: Received message: FGE: Flow Graph Finished IQ Playback []
08/09/2022 01:16:54 PM - dashboard: Sending message: Dashboard: Start Archive Playlist ['archive_replay_b210', [' home user FISSURE Archive  TPMS_Good_315_1MSps.iq', ' home user FISSURE Archive  TPMS_Low_315_1MSps.iq', ' home user FISSURE Archive  GarageDoor_310_1MSPs.iq'], ['315e6', '315e6', '310e6'], ['1e6', '1e6', '1e6'], ['Complex Float 32', 'Complex Float 32', 'Complex Float 32'], ['A:A', 'A:A', 'A:A'], ['60', '60', '60'], ['2', '2', '2'], False, '', 'serial=30AD2E1']
08/09/2022 01:16:54 PM - hiprfisr: Received message: Dashboard: Start Archive Playlist ['archive_replay_b210', [' home user FISSURE Archive  TPMS_Good_315_1MSps.iq', ' home user FISSURE Archive  TPMS_Low_315_1MSps.iq', ' home user FISSURE Archive  GarageDoor_310_1MSPs.iq'], ['315e6', '315e6', '310e6'], ['1e6', '1e6', '1e6'], ['Complex Float 32', 'Complex Float 32', 'Complex Float 32'], ['A:A', 'A:A', 'A:A'], ['60', '60', '60'], ['2', '2', '2'], False, '', 'serial=30AD2E1']
08/09/2022 01:16:54 PM - hiprfisr: Executing Callback: archivePlaylistStart with parameters ['archive_replay_b210', ['/home/user/FISSURE/Archive//TPMS_Good_315_1MSps.iq', '/home/user/FISSURE/Archive//TPMS_Low_315_1MSps.iq', '/home/user/FISSURE/Archive//GarageDoor_310_1MSPs.iq'], ['315e6', '315e6', '310e6'], ['1e6', '1e6', '1e6'], ['Complex Float 32', 'Complex Float 32', 'Complex Float 32'], ['A:A', 'A:A', 'A:A'], ['60', '60', '60'], ['2', '2', '2'], False, '', 'serial=30AD2E1']
08/09/2022 01:16:54 PM - hiprfisr: Sending message: HIPRFISR: Start Archive Playlist ['archive_replay_b210', [' home user FISSURE Archive  TPMS_Good_315_1MSps.iq', ' home user FISSURE Archive  TPMS_Low_315_1MSps.iq', ' home user FISSURE Archive  GarageDoor_310_1MSPs.iq'], ['315e6', '315e6', '310e6'], ['1e6', '1e6', '1e6'], ['Complex Float 32', 'Complex Float 32', 'Complex Float 32'], ['A:A', 'A:A', 'A:A'], ['60', '60', '60'], ['2', '2', '2'], False, '', 'serial=30AD2E1']
08/09/2022 01:16:55 PM - fge: Received message: HIPRFISR: Start Archive Playlist ['archive_replay_b210', [' home user FISSURE Archive  TPMS_Good_315_1MSps.iq', ' home user FISSURE Archive  TPMS_Low_315_1MSps.iq', ' home user FISSURE Archive  GarageDoor_310_1MSPs.iq'], ['315e6', '315e6', '310e6'], ['1e6', '1e6', '1e6'], ['Complex Float 32', 'Complex Float 32', 'Complex Float 32'], ['A:A', 'A:A', 'A:A'], ['60', '60', '60'], ['2', '2', '2'], False, '', 'serial=30AD2E1']
08/09/2022 01:16:55 PM - fge: Executing Callback: archivePlaylistStart with parameters ['archive_replay_b210', ['/home/user/FISSURE/Archive//TPMS_Good_315_1MSps.iq', '/home/user/FISSURE/Archive//TPMS_Low_315_1MSps.iq', '/home/user/FISSURE/Archive//GarageDoor_310_1MSPs.iq'], ['315e6', '315e6', '310e6'], ['1e6', '1e6', '1e6'], ['Complex Float 32', 'Complex Float 32', 'Complex Float 32'], ['A:A', 'A:A', 'A:A'], ['60', '60', '60'], ['2', '2', '2'], False, '', 'serial=30AD2E1']
08/09/2022 01:16:55 PM - fge: Sending message: FGE: Archive Playlist Position 0
08/09/2022 01:16:55 PM - dashboard: Received message: FGE: Archive Playlist Position 0
08/09/2022 01:16:55 PM - hiprfisr: Received message: FGE: Archive Playlist Position 0
08/09/2022 01:16:59 PM - fge: Sending message: FGE: Archive Playlist Position 1
08/09/2022 01:16:59 PM - hiprfisr: Received message: FGE: Archive Playlist Position 1
08/09/2022 01:17:00 PM - dashboard: Received message: FGE: Archive Playlist Position 1
08/09/2022 01:17:04 PM - fge: Sending message: FGE: Archive Playlist Position 2
08/09/2022 01:17:04 PM - hiprfisr: Received message: FGE: Archive Playlist Position 2
08/09/2022 01:17:05 PM - dashboard: Received message: FGE: Archive Playlist Position 2
08/09/2022 01:17:08 PM - fge: Sending message: FGE: Archive Playlist Finished 
08/09/2022 01:17:09 PM - dashboard: Received message: FGE: Archive Playlist Finished 
08/09/2022 01:17:09 PM - hiprfisr: Received message: FGE: Archive Playlist Finished 
08/09/2022 01:17:17 PM - dashboard: Sending message: Dashboard: Start Archive Playlist ['archive_replay_b210', [' home user FISSURE Archive  TPMS_Good_315_1MSps.iq', ' home user FISSURE Archive  TPMS_Low_315_1MSps.iq', ' home user FISSURE Archive  GarageDoor_310_1MSPs.iq'], ['315e6', '315e6', '310e6'], ['1e6', '1e6', '1e6'], ['Complex Float 32', 'Complex Float 32', 'Complex Float 32'], ['A:A', 'A:A', 'A:A'], ['60', '60', '60'], ['2', '2', '2'], False, '', 'serial=30AD2E1']
08/09/2022 01:17:17 PM - hiprfisr: Received message: Dashboard: Start Archive Playlist ['archive_replay_b210', [' home user FISSURE Archive  TPMS_Good_315_1MSps.iq', ' home user FISSURE Archive  TPMS_Low_315_1MSps.iq', ' home user FISSURE Archive  GarageDoor_310_1MSPs.iq'], ['315e6', '315e6', '310e6'], ['1e6', '1e6', '1e6'], ['Complex Float 32', 'Complex Float 32', 'Complex Float 32'], ['A:A', 'A:A', 'A:A'], ['60', '60', '60'], ['2', '2', '2'], False, '', 'serial=30AD2E1']
08/09/2022 01:17:17 PM - hiprfisr: Executing Callback: archivePlaylistStart with parameters ['archive_replay_b210', ['/home/user/FISSURE/Archive//TPMS_Good_315_1MSps.iq', '/home/user/FISSURE/Archive//TPMS_Low_315_1MSps.iq', '/home/user/FISSURE/Archive//GarageDoor_310_1MSPs.iq'], ['315e6', '315e6', '310e6'], ['1e6', '1e6', '1e6'], ['Complex Float 32', 'Complex Float 32', 'Complex Float 32'], ['A:A', 'A:A', 'A:A'], ['60', '60', '60'], ['2', '2', '2'], False, '', 'serial=30AD2E1']
08/09/2022 01:17:17 PM - hiprfisr: Sending message: HIPRFISR: Start Archive Playlist ['archive_replay_b210', [' home user FISSURE Archive  TPMS_Good_315_1MSps.iq', ' home user FISSURE Archive  TPMS_Low_315_1MSps.iq', ' home user FISSURE Archive  GarageDoor_310_1MSPs.iq'], ['315e6', '315e6', '310e6'], ['1e6', '1e6', '1e6'], ['Complex Float 32', 'Complex Float 32', 'Complex Float 32'], ['A:A', 'A:A', 'A:A'], ['60', '60', '60'], ['2', '2', '2'], False, '', 'serial=30AD2E1']
08/09/2022 01:17:18 PM - fge: Received message: HIPRFISR: Start Archive Playlist ['archive_replay_b210', [' home user FISSURE Archive  TPMS_Good_315_1MSps.iq', ' home user FISSURE Archive  TPMS_Low_315_1MSps.iq', ' home user FISSURE Archive  GarageDoor_310_1MSPs.iq'], ['315e6', '315e6', '310e6'], ['1e6', '1e6', '1e6'], ['Complex Float 32', 'Complex Float 32', 'Complex Float 32'], ['A:A', 'A:A', 'A:A'], ['60', '60', '60'], ['2', '2', '2'], False, '', 'serial=30AD2E1']
08/09/2022 01:17:18 PM - fge: Executing Callback: archivePlaylistStart with parameters ['archive_replay_b210', ['/home/user/FISSURE/Archive//TPMS_Good_315_1MSps.iq', '/home/user/FISSURE/Archive//TPMS_Low_315_1MSps.iq', '/home/user/FISSURE/Archive//GarageDoor_310_1MSPs.iq'], ['315e6', '315e6', '310e6'], ['1e6', '1e6', '1e6'], ['Complex Float 32', 'Complex Float 32', 'Complex Float 32'], ['A:A', 'A:A', 'A:A'], ['60', '60', '60'], ['2', '2', '2'], False, '', 'serial=30AD2E1']
08/09/2022 01:17:18 PM - fge: Sending message: FGE: Archive Playlist Position 0
08/09/2022 01:17:18 PM - hiprfisr: Received message: FGE: Archive Playlist Position 0
08/09/2022 01:17:19 PM - dashboard: Received message: FGE: Archive Playlist Position 0
08/09/2022 01:17:22 PM - fge: Sending message: FGE: Archive Playlist Position 1
08/09/2022 01:17:23 PM - dashboard: Received message: FGE: Archive Playlist Position 1
08/09/2022 01:17:23 PM - hiprfisr: Received message: FGE: Archive Playlist Position 1
08/09/2022 01:17:27 PM - fge: Sending message: FGE: Archive Playlist Position 2
08/09/2022 01:17:27 PM - hiprfisr: Received message: FGE: Archive Playlist Position 2
08/09/2022 01:17:28 PM - dashboard: Received message: FGE: Archive Playlist Position 2
08/09/2022 01:17:31 PM - fge: Sending message: FGE: Archive Playlist Finished 
08/09/2022 01:17:31 PM - hiprfisr: Received message: FGE: Archive Playlist Finished 
08/09/2022 01:17:32 PM - dashboard: Received message: FGE: Archive Playlist Finished 
08/09/2022 01:18:03 PM - dashboard: Sending message: Dashboard: Run Attack Flow Graph [' home user FISSURE Flow Graph Library Single-Stage Flow Graphs X10_OOK_USRPB210_X10_On.py', ['tx_usrp_gain', 'tx_usrp_frequency', 'tx_usrp_channel', 'tx_usrp_antenna', 'string_variables', 'serial', 'sample_rate', 'press_repetition_interval', 'press_duration', 'data_code', 'address_code'], ['60', '310.8e6', 'A:A', 'TX RX', '[address_code,data_code]', 'serial=30AD2E1', '1e6', '10', '4', '0x00', '0x60'], 'Flow Graph']
08/09/2022 01:18:03 PM - hiprfisr: Received message: Dashboard: Run Attack Flow Graph [' home user FISSURE Flow Graph Library Single-Stage Flow Graphs X10_OOK_USRPB210_X10_On.py', ['tx_usrp_gain', 'tx_usrp_frequency', 'tx_usrp_channel', 'tx_usrp_antenna', 'string_variables', 'serial', 'sample_rate', 'press_repetition_interval', 'press_duration', 'data_code', 'address_code'], ['60', '310.8e6', 'A:A', 'TX RX', '[address_code,data_code]', 'serial=30AD2E1', '1e6', '10', '4', '0x00', '0x60'], 'Flow Graph']
08/09/2022 01:18:03 PM - hiprfisr: Executing Callback: attackFlowGraphStart with parameters ['/home/user/FISSURE/Flow Graph Library/Single-Stage Flow Graphs/X10_OOK_USRPB210_X10_On.py', ['tx_usrp_gain', 'tx_usrp_frequency', 'tx_usrp_channel', 'tx_usrp_antenna', 'string_variables', 'serial', 'sample_rate', 'press_repetition_interval', 'press_duration', 'data_code', 'address_code'], ['60', '310.8e6', 'A:A', 'TX/RX', '[address_code,data_code]', 'serial=30AD2E1', '1e6', '10', '4', '0x00', '0x60'], 'Flow Graph']
08/09/2022 01:18:03 PM - hiprfisr: Sending message: HIPRFISR: Run Attack Flow Graph [' home user FISSURE Flow Graph Library Single-Stage Flow Graphs X10_OOK_USRPB210_X10_On.py', ['tx_usrp_gain', 'tx_usrp_frequency', 'tx_usrp_channel', 'tx_usrp_antenna', 'string_variables', 'serial', 'sample_rate', 'press_repetition_interval', 'press_duration', 'data_code', 'address_code'], ['60', '310.8e6', 'A:A', 'TX RX', '[address_code,data_code]', 'serial=30AD2E1', '1e6', '10', '4', '0x00', '0x60'], 'Flow Graph']
08/09/2022 01:18:04 PM - fge: Received message: HIPRFISR: Run Attack Flow Graph [' home user FISSURE Flow Graph Library Single-Stage Flow Graphs X10_OOK_USRPB210_X10_On.py', ['tx_usrp_gain', 'tx_usrp_frequency', 'tx_usrp_channel', 'tx_usrp_antenna', 'string_variables', 'serial', 'sample_rate', 'press_repetition_interval', 'press_duration', 'data_code', 'address_code'], ['60', '310.8e6', 'A:A', 'TX RX', '[address_code,data_code]', 'serial=30AD2E1', '1e6', '10', '4', '0x00', '0x60'], 'Flow Graph']
08/09/2022 01:18:04 PM - fge: Executing Callback: attackFlowGraphStart with parameters ['/home/user/FISSURE/Flow Graph Library/Single-Stage Flow Graphs/X10_OOK_USRPB210_X10_On.py', ['tx_usrp_gain', 'tx_usrp_frequency', 'tx_usrp_channel', 'tx_usrp_antenna', 'string_variables', 'serial', 'sample_rate', 'press_repetition_interval', 'press_duration', 'data_code', 'address_code'], ['60', '310.8e6', 'A:A', 'TX/RX', '[address_code,data_code]', 'serial=30AD2E1', '1e6', '10', '4', '0x00', '0x60'], 'Flow Graph']
08/09/2022 01:18:06 PM - fge: Sending message: FGE: Flow Graph Started Attack
08/09/2022 01:18:06 PM - hiprfisr: Received message: FGE: Flow Graph Started Attack
08/09/2022 01:18:07 PM - dashboard: Received message: FGE: Flow Graph Started Attack
08/09/2022 01:18:12 PM - dashboard: Sending message: Dashboard: Stop Attack Flow Graph ['']
08/09/2022 01:18:12 PM - hiprfisr: Received message: Dashboard: Stop Attack Flow Graph ['']
08/09/2022 01:18:12 PM - hiprfisr: Executing Callback: attackFlowGraphStop with parameters ['']
08/09/2022 01:18:12 PM - hiprfisr: Sending message: HIPRFISR: Stop Attack Flow Graph ['']
08/09/2022 01:18:13 PM - fge: Received message: HIPRFISR: Stop Attack Flow Graph ['']
08/09/2022 01:18:13 PM - fge: Executing Callback: attackFlowGraphStop with parameters ['']
08/09/2022 01:18:13 PM - fge: Sending message: FGE: Flow Graph Finished Attack
08/09/2022 01:18:13 PM - hiprfisr: Received message: FGE: Flow Graph Finished Attack
08/09/2022 01:18:14 PM - dashboard: Received message: FGE: Flow Graph Finished Attack
08/09/2022 01:18:16 PM - dashboard: Sending message: Dashboard: Run Attack Flow Graph [' home user FISSURE Flow Graph Library Single-Stage Flow Graphs X10_OOK_USRPB210_X10_Off.py', ['tx_usrp_gain', 'tx_usrp_frequency', 'tx_usrp_channel', 'tx_usrp_antenna', 'string_variables', 'serial', 'sample_rate', 'press_repetition_interval', 'press_duration', 'data_code', 'address_code'], ['60', '310.8e6', 'A:A', 'TX RX', '[address_code,data_code]', 'serial=30AD2E1', '1e6', '10', '4', '0x20', '0x60'], 'Flow Graph']
08/09/2022 01:18:16 PM - hiprfisr: Received message: Dashboard: Run Attack Flow Graph [' home user FISSURE Flow Graph Library Single-Stage Flow Graphs X10_OOK_USRPB210_X10_Off.py', ['tx_usrp_gain', 'tx_usrp_frequency', 'tx_usrp_channel', 'tx_usrp_antenna', 'string_variables', 'serial', 'sample_rate', 'press_repetition_interval', 'press_duration', 'data_code', 'address_code'], ['60', '310.8e6', 'A:A', 'TX RX', '[address_code,data_code]', 'serial=30AD2E1', '1e6', '10', '4', '0x20', '0x60'], 'Flow Graph']
08/09/2022 01:18:16 PM - hiprfisr: Executing Callback: attackFlowGraphStart with parameters ['/home/user/FISSURE/Flow Graph Library/Single-Stage Flow Graphs/X10_OOK_USRPB210_X10_Off.py', ['tx_usrp_gain', 'tx_usrp_frequency', 'tx_usrp_channel', 'tx_usrp_antenna', 'string_variables', 'serial', 'sample_rate', 'press_repetition_interval', 'press_duration', 'data_code', 'address_code'], ['60', '310.8e6', 'A:A', 'TX/RX', '[address_code,data_code]', 'serial=30AD2E1', '1e6', '10', '4', '0x20', '0x60'], 'Flow Graph']
08/09/2022 01:18:16 PM - hiprfisr: Sending message: HIPRFISR: Run Attack Flow Graph [' home user FISSURE Flow Graph Library Single-Stage Flow Graphs X10_OOK_USRPB210_X10_Off.py', ['tx_usrp_gain', 'tx_usrp_frequency', 'tx_usrp_channel', 'tx_usrp_antenna', 'string_variables', 'serial', 'sample_rate', 'press_repetition_interval', 'press_duration', 'data_code', 'address_code'], ['60', '310.8e6', 'A:A', 'TX RX', '[address_code,data_code]', 'serial=30AD2E1', '1e6', '10', '4', '0x20', '0x60'], 'Flow Graph']
08/09/2022 01:18:17 PM - fge: Received message: HIPRFISR: Run Attack Flow Graph [' home user FISSURE Flow Graph Library Single-Stage Flow Graphs X10_OOK_USRPB210_X10_Off.py', ['tx_usrp_gain', 'tx_usrp_frequency', 'tx_usrp_channel', 'tx_usrp_antenna', 'string_variables', 'serial', 'sample_rate', 'press_repetition_interval', 'press_duration', 'data_code', 'address_code'], ['60', '310.8e6', 'A:A', 'TX RX', '[address_code,data_code]', 'serial=30AD2E1', '1e6', '10', '4', '0x20', '0x60'], 'Flow Graph']
08/09/2022 01:18:17 PM - fge: Executing Callback: attackFlowGraphStart with parameters ['/home/user/FISSURE/Flow Graph Library/Single-Stage Flow Graphs/X10_OOK_USRPB210_X10_Off.py', ['tx_usrp_gain', 'tx_usrp_frequency', 'tx_usrp_channel', 'tx_usrp_antenna', 'string_variables', 'serial', 'sample_rate', 'press_repetition_interval', 'press_duration', 'data_code', 'address_code'], ['60', '310.8e6', 'A:A', 'TX/RX', '[address_code,data_code]', 'serial=30AD2E1', '1e6', '10', '4', '0x20', '0x60'], 'Flow Graph']
08/09/2022 01:18:19 PM - fge: Sending message: FGE: Flow Graph Started Attack
08/09/2022 01:18:19 PM - hiprfisr: Received message: FGE: Flow Graph Started Attack
08/09/2022 01:18:20 PM - dashboard: Received message: FGE: Flow Graph Started Attack
08/09/2022 01:18:21 PM - dashboard: Sending message: Dashboard: Stop Attack Flow Graph ['']
08/09/2022 01:18:21 PM - hiprfisr: Received message: Dashboard: Stop Attack Flow Graph ['']
08/09/2022 01:18:21 PM - hiprfisr: Executing Callback: attackFlowGraphStop with parameters ['']
08/09/2022 01:18:21 PM - hiprfisr: Sending message: HIPRFISR: Stop Attack Flow Graph ['']
08/09/2022 01:18:22 PM - fge: Received message: HIPRFISR: Stop Attack Flow Graph ['']
08/09/2022 01:18:22 PM - fge: Executing Callback: attackFlowGraphStop with parameters ['']
08/09/2022 01:18:22 PM - fge: Sending message: FGE: Flow Graph Finished Attack
08/09/2022 01:18:22 PM - hiprfisr: Received message: FGE: Flow Graph Finished Attack
08/09/2022 01:18:23 PM - dashboard: Received message: FGE: Flow Graph Finished Attack
08/09/2022 01:18:35 PM - dashboard: Sending message: Dashboard: Start Multi-Stage Attack [[' home user FISSURE Flow Graph Library Single-Stage Flow Graphs X10_OOK_USRPB210_X10_On.py', ' home user FISSURE Flow Graph Library Single-Stage Flow Graphs X10_OOK_USRPB210_X10_Off.py'], [['tx_usrp_gain', 'tx_usrp_frequency', 'tx_usrp_channel', 'tx_usrp_antenna', 'string_variables', 'serial', 'sample_rate', 'press_repetition_interval', 'press_duration', 'notes', 'data_code', 'address_code'], ['tx_usrp_gain', 'tx_usrp_frequency', 'tx_usrp_channel', 'tx_usrp_antenna', 'string_variables', 'serial', 'sample_rate', 'press_repetition_interval', 'press_duration', 'notes', 'data_code', 'address_code']], [['60', '310.8e6', 'A:A', 'TX RX', '[address_code,data_code]', 'serial=30AD2E1', '1e6', '10', '4', "Transmits an on message for a RadioShack Plug'n power outlet switch.", '0x00', '0x60'], ['60', '310.8e6', 'A:A', 'TX RX', '[address_code,data_code]', 'serial=30AD2E1', '1e6', '10', '4', "Transmits an off message for a RadioShack Plug'n power outlet switch.", '0x20', '0x60']], ['2', '2'], False, ['Flow Graph', 'Flow Graph']]
08/09/2022 01:18:35 PM - hiprfisr: Received message: Dashboard: Start Multi-Stage Attack [[' home user FISSURE Flow Graph Library Single-Stage Flow Graphs X10_OOK_USRPB210_X10_On.py', ' home user FISSURE Flow Graph Library Single-Stage Flow Graphs X10_OOK_USRPB210_X10_Off.py'], [['tx_usrp_gain', 'tx_usrp_frequency', 'tx_usrp_channel', 'tx_usrp_antenna', 'string_variables', 'serial', 'sample_rate', 'press_repetition_interval', 'press_duration', 'notes', 'data_code', 'address_code'], ['tx_usrp_gain', 'tx_usrp_frequency', 'tx_usrp_channel', 'tx_usrp_antenna', 'string_variables', 'serial', 'sample_rate', 'press_repetition_interval', 'press_duration', 'notes', 'data_code', 'address_code']], [['60', '310.8e6', 'A:A', 'TX RX', '[address_code,data_code]', 'serial=30AD2E1', '1e6', '10', '4', "Transmits an on message for a RadioShack Plug'n power outlet switch.", '0x00', '0x60'], ['60', '310.8e6', 'A:A', 'TX RX', '[address_code,data_code]', 'serial=30AD2E1', '1e6', '10', '4', "Transmits an off message for a RadioShack Plug'n power outlet switch.", '0x20', '0x60']], ['2', '2'], False, ['Flow Graph', 'Flow Graph']]
08/09/2022 01:18:35 PM - hiprfisr: Executing Callback: multiStageAttackStart with parameters [['/home/user/FISSURE/Flow Graph Library/Single-Stage Flow Graphs/X10_OOK_USRPB210_X10_On.py', '/home/user/FISSURE/Flow Graph Library/Single-Stage Flow Graphs/X10_OOK_USRPB210_X10_Off.py'], [['tx_usrp_gain', 'tx_usrp_frequency', 'tx_usrp_channel', 'tx_usrp_antenna', 'string_variables', 'serial', 'sample_rate', 'press_repetition_interval', 'press_duration', 'notes', 'data_code', 'address_code'], ['tx_usrp_gain', 'tx_usrp_frequency', 'tx_usrp_channel', 'tx_usrp_antenna', 'string_variables', 'serial', 'sample_rate', 'press_repetition_interval', 'press_duration', 'notes', 'data_code', 'address_code']], [['60', '310.8e6', 'A:A', 'TX/RX', '[address_code,data_code]', 'serial=30AD2E1', '1e6', '10', '4', "Transmits an on message for a RadioShack Plug'n power outlet switch.", '0x00', '0x60'], ['60', '310.8e6', 'A:A', 'TX/RX', '[address_code,data_code]', 'serial=30AD2E1', '1e6', '10', '4', "Transmits an off message for a RadioShack Plug'n power outlet switch.", '0x20', '0x60']], ['2', '2'], False, ['Flow Graph', 'Flow Graph']]
08/09/2022 01:18:35 PM - hiprfisr: Sending message: HIPRFISR: Start Multi-Stage Attack [[' home user FISSURE Flow Graph Library Single-Stage Flow Graphs X10_OOK_USRPB210_X10_On.py', ' home user FISSURE Flow Graph Library Single-Stage Flow Graphs X10_OOK_USRPB210_X10_Off.py'], [['tx_usrp_gain', 'tx_usrp_frequency', 'tx_usrp_channel', 'tx_usrp_antenna', 'string_variables', 'serial', 'sample_rate', 'press_repetition_interval', 'press_duration', 'notes', 'data_code', 'address_code'], ['tx_usrp_gain', 'tx_usrp_frequency', 'tx_usrp_channel', 'tx_usrp_antenna', 'string_variables', 'serial', 'sample_rate', 'press_repetition_interval', 'press_duration', 'notes', 'data_code', 'address_code']], [['60', '310.8e6', 'A:A', 'TX RX', '[address_code,data_code]', 'serial=30AD2E1', '1e6', '10', '4', "Transmits an on message for a RadioShack Plug'n power outlet switch.", '0x00', '0x60'], ['60', '310.8e6', 'A:A', 'TX RX', '[address_code,data_code]', 'serial=30AD2E1', '1e6', '10', '4', "Transmits an off message for a RadioShack Plug'n power outlet switch.", '0x20', '0x60']], ['2', '2'], False, ['Flow Graph', 'Flow Graph']]
08/09/2022 01:18:36 PM - fge: Received message: HIPRFISR: Start Multi-Stage Attack [[' home user FISSURE Flow Graph Library Single-Stage Flow Graphs X10_OOK_USRPB210_X10_On.py', ' home user FISSURE Flow Graph Library Single-Stage Flow Graphs X10_OOK_USRPB210_X10_Off.py'], [['tx_usrp_gain', 'tx_usrp_frequency', 'tx_usrp_channel', 'tx_usrp_antenna', 'string_variables', 'serial', 'sample_rate', 'press_repetition_interval', 'press_duration', 'notes', 'data_code', 'address_code'], ['tx_usrp_gain', 'tx_usrp_frequency', 'tx_usrp_channel', 'tx_usrp_antenna', 'string_variables', 'serial', 'sample_rate', 'press_repetition_interval', 'press_duration', 'notes', 'data_code', 'address_code']], [['60', '310.8e6', 'A:A', 'TX RX', '[address_code,data_code]', 'serial=30AD2E1', '1e6', '10', '4', "Transmits an on message for a RadioShack Plug'n power outlet switch.", '0x00', '0x60'], ['60', '310.8e6', 'A:A', 'TX RX', '[address_code,data_code]', 'serial=30AD2E1', '1e6', '10', '4', "Transmits an off message for a RadioShack Plug'n power outlet switch.", '0x20', '0x60']], ['2', '2'], False, ['Flow Graph', 'Flow Graph']]
08/09/2022 01:18:36 PM - fge: Executing Callback: multiStageAttackStart with parameters [['/home/user/FISSURE/Flow Graph Library/Single-Stage Flow Graphs/X10_OOK_USRPB210_X10_On.py', '/home/user/FISSURE/Flow Graph Library/Single-Stage Flow Graphs/X10_OOK_USRPB210_X10_Off.py'], [['tx_usrp_gain', 'tx_usrp_frequency', 'tx_usrp_channel', 'tx_usrp_antenna', 'string_variables', 'serial', 'sample_rate', 'press_repetition_interval', 'press_duration', 'notes', 'data_code', 'address_code'], ['tx_usrp_gain', 'tx_usrp_frequency', 'tx_usrp_channel', 'tx_usrp_antenna', 'string_variables', 'serial', 'sample_rate', 'press_repetition_interval', 'press_duration', 'notes', 'data_code', 'address_code']], [['60', '310.8e6', 'A:A', 'TX/RX', '[address_code,data_code]', 'serial=30AD2E1', '1e6', '10', '4', "Transmits an on message for a RadioShack Plug'n power outlet switch.", '0x00', '0x60'], ['60', '310.8e6', 'A:A', 'TX/RX', '[address_code,data_code]', 'serial=30AD2E1', '1e6', '10', '4', "Transmits an off message for a RadioShack Plug'n power outlet switch.", '0x20', '0x60']], ['2', '2'], False, ['Flow Graph', 'Flow Graph']]
08/09/2022 01:18:38 PM - fge: Sending message: FGE: Flow Graph Started Attack
08/09/2022 01:18:38 PM - hiprfisr: Received message: FGE: Flow Graph Started Attack
08/09/2022 01:18:39 PM - dashboard: Received message: FGE: Flow Graph Started Attack
08/09/2022 01:18:40 PM - fge: Sending message: FGE: Flow Graph Finished Attack
08/09/2022 01:18:40 PM - hiprfisr: Received message: FGE: Flow Graph Finished Attack
08/09/2022 01:18:41 PM - dashboard: Received message: FGE: Flow Graph Finished Attack
08/09/2022 01:18:43 PM - fge: Sending message: FGE: Flow Graph Started Attack
08/09/2022 01:18:43 PM - dashboard: Received message: FGE: Flow Graph Started Attack
08/09/2022 01:18:44 PM - hiprfisr: Received message: FGE: Flow Graph Started Attack
08/09/2022 01:18:45 PM - fge: Sending message: FGE: Flow Graph Finished Attack
08/09/2022 01:18:45 PM - dashboard: Received message: FGE: Flow Graph Finished Attack
08/09/2022 01:18:45 PM - fge: Sending message: FGE: Multi-Stage Attack Finished 
08/09/2022 01:18:46 PM - hiprfisr: Received message: FGE: Flow Graph Finished Attack
08/09/2022 01:18:46 PM - hiprfisr: Received message: FGE: Multi-Stage Attack Finished 
08/09/2022 01:18:46 PM - dashboard: Received message: FGE: Multi-Stage Attack Finished 
08/09/2022 01:19:02 PM - dashboard: Sending message: Dashboard: Run Attack Flow Graph [' home user FISSURE Flow Graph Library Fuzzing Flow Graphs X10_OOK_USRPB210_Fields.py', ['tx_usrp_gain', 'tx_usrp_channel', 'tx_usrp_antenna', 'transmit_interval', 'string_variables', 'serial', 'sample_rate', 'rx_usrp_frequency', 'library_filepath', 'data_code', 'address_code', 'fuzzing_fields', 'fuzzing_type', 'fuzzing_min', 'fuzzing_max', 'fuzzing_data', 'fuzzing_seed', 'fuzzing_interval', 'fuzzing_protocol', 'fuzzing_packet_type'], ['60', 'A:A', 'TX RX', '4', '[address_code,data_code]', 'serial=30AD2E1', '1e6', '310.8e6', '~ FISSURE YAML library.yaml', '0x00', '0x60', "['Data Code']", "['Random']", "['0']", "['10']", '609F00FF', '0', '1', 'X10', 'Default'], 'Flow Graph']
08/09/2022 01:19:03 PM - hiprfisr: Received message: Dashboard: Run Attack Flow Graph [' home user FISSURE Flow Graph Library Fuzzing Flow Graphs X10_OOK_USRPB210_Fields.py', ['tx_usrp_gain', 'tx_usrp_channel', 'tx_usrp_antenna', 'transmit_interval', 'string_variables', 'serial', 'sample_rate', 'rx_usrp_frequency', 'library_filepath', 'data_code', 'address_code', 'fuzzing_fields', 'fuzzing_type', 'fuzzing_min', 'fuzzing_max', 'fuzzing_data', 'fuzzing_seed', 'fuzzing_interval', 'fuzzing_protocol', 'fuzzing_packet_type'], ['60', 'A:A', 'TX RX', '4', '[address_code,data_code]', 'serial=30AD2E1', '1e6', '310.8e6', '~ FISSURE YAML library.yaml', '0x00', '0x60', "['Data Code']", "['Random']", "['0']", "['10']", '609F00FF', '0', '1', 'X10', 'Default'], 'Flow Graph']
08/09/2022 01:19:03 PM - hiprfisr: Executing Callback: attackFlowGraphStart with parameters ['/home/user/FISSURE/Flow Graph Library/Fuzzing Flow Graphs/X10_OOK_USRPB210_Fields.py', ['tx_usrp_gain', 'tx_usrp_channel', 'tx_usrp_antenna', 'transmit_interval', 'string_variables', 'serial', 'sample_rate', 'rx_usrp_frequency', 'library_filepath', 'data_code', 'address_code', 'fuzzing_fields', 'fuzzing_type', 'fuzzing_min', 'fuzzing_max', 'fuzzing_data', 'fuzzing_seed', 'fuzzing_interval', 'fuzzing_protocol', 'fuzzing_packet_type'], ['60', 'A:A', 'TX/RX', '4', '[address_code,data_code]', 'serial=30AD2E1', '1e6', '310.8e6', '~/FISSURE/YAML/library.yaml', '0x00', '0x60', "['Data Code']", "['Random']", "['0']", "['10']", '609F00FF', '0', '1', 'X10', 'Default'], 'Flow Graph']
08/09/2022 01:19:03 PM - hiprfisr: Sending message: HIPRFISR: Run Attack Flow Graph [' home user FISSURE Flow Graph Library Fuzzing Flow Graphs X10_OOK_USRPB210_Fields.py', ['tx_usrp_gain', 'tx_usrp_channel', 'tx_usrp_antenna', 'transmit_interval', 'string_variables', 'serial', 'sample_rate', 'rx_usrp_frequency', 'library_filepath', 'data_code', 'address_code', 'fuzzing_fields', 'fuzzing_type', 'fuzzing_min', 'fuzzing_max', 'fuzzing_data', 'fuzzing_seed', 'fuzzing_interval', 'fuzzing_protocol', 'fuzzing_packet_type'], ['60', 'A:A', 'TX RX', '4', '[address_code,data_code]', 'serial=30AD2E1', '1e6', '310.8e6', '~ FISSURE YAML library.yaml', '0x00', '0x60', "['Data Code']", "['Random']", "['0']", "['10']", '609F00FF', '0', '1', 'X10', 'Default'], 'Flow Graph']
08/09/2022 01:19:03 PM - fge: Received message: HIPRFISR: Run Attack Flow Graph [' home user FISSURE Flow Graph Library Fuzzing Flow Graphs X10_OOK_USRPB210_Fields.py', ['tx_usrp_gain', 'tx_usrp_channel', 'tx_usrp_antenna', 'transmit_interval', 'string_variables', 'serial', 'sample_rate', 'rx_usrp_frequency', 'library_filepath', 'data_code', 'address_code', 'fuzzing_fields', 'fuzzing_type', 'fuzzing_min', 'fuzzing_max', 'fuzzing_data', 'fuzzing_seed', 'fuzzing_interval', 'fuzzing_protocol', 'fuzzing_packet_type'], ['60', 'A:A', 'TX RX', '4', '[address_code,data_code]', 'serial=30AD2E1', '1e6', '310.8e6', '~ FISSURE YAML library.yaml', '0x00', '0x60', "['Data Code']", "['Random']", "['0']", "['10']", '609F00FF', '0', '1', 'X10', 'Default'], 'Flow Graph']
08/09/2022 01:19:03 PM - fge: Executing Callback: attackFlowGraphStart with parameters ['/home/user/FISSURE/Flow Graph Library/Fuzzing Flow Graphs/X10_OOK_USRPB210_Fields.py', ['tx_usrp_gain', 'tx_usrp_channel', 'tx_usrp_antenna', 'transmit_interval', 'string_variables', 'serial', 'sample_rate', 'rx_usrp_frequency', 'library_filepath', 'data_code', 'address_code', 'fuzzing_fields', 'fuzzing_type', 'fuzzing_min', 'fuzzing_max', 'fuzzing_data', 'fuzzing_seed', 'fuzzing_interval', 'fuzzing_protocol', 'fuzzing_packet_type'], ['60', 'A:A', 'TX/RX', '4', '[address_code,data_code]', 'serial=30AD2E1', '1e6', '310.8e6', '~/FISSURE/YAML/library.yaml', '0x00', '0x60', "['Data Code']", "['Random']", "['0']", "['10']", '609F00FF', '0', '1', 'X10', 'Default'], 'Flow Graph']
08/09/2022 01:19:05 PM - fge: Sending message: FGE: Flow Graph Started Attack
08/09/2022 01:19:06 PM - hiprfisr: Received message: FGE: Flow Graph Started Attack
08/09/2022 01:19:06 PM - dashboard: Received message: FGE: Flow Graph Started Attack
08/09/2022 01:19:16 PM - dashboard: Sending message: Dashboard: Stop Physical Fuzzing $Parameters
08/09/2022 01:19:16 PM - dashboard: Sending message: Dashboard: Stop Attack Flow Graph ['']
08/09/2022 01:19:17 PM - hiprfisr: Received message: Dashboard: Stop Physical Fuzzing $Parameters
08/09/2022 01:19:17 PM - hiprfisr: Executing Callback: physicalFuzzingStop with parameters None
08/09/2022 01:19:17 PM - hiprfisr: Sending message: HIPRFISR: Stop Physical Fuzzing $Parameters
08/09/2022 01:19:17 PM - hiprfisr: Received message: Dashboard: Stop Attack Flow Graph ['']
08/09/2022 01:19:17 PM - hiprfisr: Executing Callback: attackFlowGraphStop with parameters ['']
08/09/2022 01:19:17 PM - hiprfisr: Sending message: HIPRFISR: Stop Attack Flow Graph ['']
08/09/2022 01:19:17 PM - fge: Received message: HIPRFISR: Stop Physical Fuzzing $Parameters
08/09/2022 01:19:17 PM - fge: Executing Callback: physicalFuzzingStop with parameters None
08/09/2022 01:19:17 PM - fge: Received message: HIPRFISR: Stop Attack Flow Graph ['']
08/09/2022 01:19:17 PM - fge: Executing Callback: attackFlowGraphStop with parameters ['']
08/09/2022 01:19:17 PM - fge: Sending message: FGE: Flow Graph Finished Attack
08/09/2022 01:19:18 PM - hiprfisr: Received message: FGE: Flow Graph Finished Attack
08/09/2022 01:19:18 PM - dashboard: Received message: FGE: Flow Graph Finished Attack
08/09/2022 01:19:38 PM - dashboard: Sending message: Dashboard: Run Attack Flow Graph [' home user FISSURE Flow Graph Library Single-Stage Flow Graphs ZWAVE_FSK_USRPB210_RandomColors.py', ['tx_gain', 'tx_freq', 'string_variables', 'source_node_id', 'serial', 'samp_rate', 'repetition_interval', 'msg_length', 'home_id', 'frame_control', 'destination_node_id'], ['60', '916e6', '[home_id,source_node_id,frame_control,destination_node_id]', '01', 'serial=30AD2E1', '1e6', '5', '24', 'fa1c0b48', '4108', '02'], 'Flow Graph']
08/09/2022 01:19:39 PM - hiprfisr: Received message: Dashboard: Run Attack Flow Graph [' home user FISSURE Flow Graph Library Single-Stage Flow Graphs ZWAVE_FSK_USRPB210_RandomColors.py', ['tx_gain', 'tx_freq', 'string_variables', 'source_node_id', 'serial', 'samp_rate', 'repetition_interval', 'msg_length', 'home_id', 'frame_control', 'destination_node_id'], ['60', '916e6', '[home_id,source_node_id,frame_control,destination_node_id]', '01', 'serial=30AD2E1', '1e6', '5', '24', 'fa1c0b48', '4108', '02'], 'Flow Graph']
08/09/2022 01:19:39 PM - hiprfisr: Executing Callback: attackFlowGraphStart with parameters ['/home/user/FISSURE/Flow Graph Library/Single-Stage Flow Graphs/ZWAVE_FSK_USRPB210_RandomColors.py', ['tx_gain', 'tx_freq', 'string_variables', 'source_node_id', 'serial', 'samp_rate', 'repetition_interval', 'msg_length', 'home_id', 'frame_control', 'destination_node_id'], ['60', '916e6', '[home_id,source_node_id,frame_control,destination_node_id]', '01', 'serial=30AD2E1', '1e6', '5', '24', 'fa1c0b48', '4108', '02'], 'Flow Graph']
08/09/2022 01:19:39 PM - hiprfisr: Sending message: HIPRFISR: Run Attack Flow Graph [' home user FISSURE Flow Graph Library Single-Stage Flow Graphs ZWAVE_FSK_USRPB210_RandomColors.py', ['tx_gain', 'tx_freq', 'string_variables', 'source_node_id', 'serial', 'samp_rate', 'repetition_interval', 'msg_length', 'home_id', 'frame_control', 'destination_node_id'], ['60', '916e6', '[home_id,source_node_id,frame_control,destination_node_id]', '01', 'serial=30AD2E1', '1e6', '5', '24', 'fa1c0b48', '4108', '02'], 'Flow Graph']
08/09/2022 01:19:39 PM - fge: Received message: HIPRFISR: Run Attack Flow Graph [' home user FISSURE Flow Graph Library Single-Stage Flow Graphs ZWAVE_FSK_USRPB210_RandomColors.py', ['tx_gain', 'tx_freq', 'string_variables', 'source_node_id', 'serial', 'samp_rate', 'repetition_interval', 'msg_length', 'home_id', 'frame_control', 'destination_node_id'], ['60', '916e6', '[home_id,source_node_id,frame_control,destination_node_id]', '01', 'serial=30AD2E1', '1e6', '5', '24', 'fa1c0b48', '4108', '02'], 'Flow Graph']
08/09/2022 01:19:39 PM - fge: Executing Callback: attackFlowGraphStart with parameters ['/home/user/FISSURE/Flow Graph Library/Single-Stage Flow Graphs/ZWAVE_FSK_USRPB210_RandomColors.py', ['tx_gain', 'tx_freq', 'string_variables', 'source_node_id', 'serial', 'samp_rate', 'repetition_interval', 'msg_length', 'home_id', 'frame_control', 'destination_node_id'], ['60', '916e6', '[home_id,source_node_id,frame_control,destination_node_id]', '01', 'serial=30AD2E1', '1e6', '5', '24', 'fa1c0b48', '4108', '02'], 'Flow Graph']
08/09/2022 01:19:41 PM - fge: Sending message: FGE: Flow Graph Started Attack
08/09/2022 01:19:42 PM - hiprfisr: Received message: FGE: Flow Graph Started Attack
08/09/2022 01:19:42 PM - dashboard: Received message: FGE: Flow Graph Started Attack
08/09/2022 01:20:12 PM - dashboard: Sending message: Dashboard: Stop Attack Flow Graph ['']
08/09/2022 01:20:13 PM - hiprfisr: Received message: Dashboard: Stop Attack Flow Graph ['']
08/09/2022 01:20:13 PM - hiprfisr: Executing Callback: attackFlowGraphStop with parameters ['']
08/09/2022 01:20:13 PM - hiprfisr: Sending message: HIPRFISR: Stop Attack Flow Graph ['']
08/09/2022 01:20:13 PM - fge: Received message: HIPRFISR: Stop Attack Flow Graph ['']
08/09/2022 01:20:13 PM - fge: Executing Callback: attackFlowGraphStop with parameters ['']
08/09/2022 01:20:13 PM - fge: Sending message: FGE: Flow Graph Finished Attack
08/09/2022 01:20:14 PM - hiprfisr: Received message: FGE: Flow Graph Finished Attack
08/09/2022 01:20:14 PM - dashboard: Received message: FGE: Flow Graph Finished Attack
08/09/2022 01:20:35 PM - dashboard: Sending message: Dashboard: Run Attack Flow Graph [' home user FISSURE Flow Graph Library Single-Stage Flow Graphs ZWAVE_FSK_USRPB210_Transmit.py', ['tx_gain', 'tx_freq', 'string_variables', 'source_node_id', 'serial', 'samp_rate', 'repetition_interval', 'msg_length', 'home_id', 'frame_control', 'destination_node_id', 'command_class', 'command'], ['60', '916e6', '[home_id,source_node_id,frame_control,destination_node_id,command_class,command]', '01', 'serial=30AD2E1', '1e6', '1', '24', 'fa1c0b48', '410d', '02', '33', '0505000001000200030004ff'], 'Flow Graph']
08/09/2022 01:20:36 PM - hiprfisr: Received message: Dashboard: Run Attack Flow Graph [' home user FISSURE Flow Graph Library Single-Stage Flow Graphs ZWAVE_FSK_USRPB210_Transmit.py', ['tx_gain', 'tx_freq', 'string_variables', 'source_node_id', 'serial', 'samp_rate', 'repetition_interval', 'msg_length', 'home_id', 'frame_control', 'destination_node_id', 'command_class', 'command'], ['60', '916e6', '[home_id,source_node_id,frame_control,destination_node_id,command_class,command]', '01', 'serial=30AD2E1', '1e6', '1', '24', 'fa1c0b48', '410d', '02', '33', '0505000001000200030004ff'], 'Flow Graph']
08/09/2022 01:20:36 PM - hiprfisr: Executing Callback: attackFlowGraphStart with parameters ['/home/user/FISSURE/Flow Graph Library/Single-Stage Flow Graphs/ZWAVE_FSK_USRPB210_Transmit.py', ['tx_gain', 'tx_freq', 'string_variables', 'source_node_id', 'serial', 'samp_rate', 'repetition_interval', 'msg_length', 'home_id', 'frame_control', 'destination_node_id', 'command_class', 'command'], ['60', '916e6', '[home_id,source_node_id,frame_control,destination_node_id,command_class,command]', '01', 'serial=30AD2E1', '1e6', '1', '24', 'fa1c0b48', '410d', '02', '33', '0505000001000200030004ff'], 'Flow Graph']
08/09/2022 01:20:36 PM - hiprfisr: Sending message: HIPRFISR: Run Attack Flow Graph [' home user FISSURE Flow Graph Library Single-Stage Flow Graphs ZWAVE_FSK_USRPB210_Transmit.py', ['tx_gain', 'tx_freq', 'string_variables', 'source_node_id', 'serial', 'samp_rate', 'repetition_interval', 'msg_length', 'home_id', 'frame_control', 'destination_node_id', 'command_class', 'command'], ['60', '916e6', '[home_id,source_node_id,frame_control,destination_node_id,command_class,command]', '01', 'serial=30AD2E1', '1e6', '1', '24', 'fa1c0b48', '410d', '02', '33', '0505000001000200030004ff'], 'Flow Graph']
08/09/2022 01:20:36 PM - fge: Received message: HIPRFISR: Run Attack Flow Graph [' home user FISSURE Flow Graph Library Single-Stage Flow Graphs ZWAVE_FSK_USRPB210_Transmit.py', ['tx_gain', 'tx_freq', 'string_variables', 'source_node_id', 'serial', 'samp_rate', 'repetition_interval', 'msg_length', 'home_id', 'frame_control', 'destination_node_id', 'command_class', 'command'], ['60', '916e6', '[home_id,source_node_id,frame_control,destination_node_id,command_class,command]', '01', 'serial=30AD2E1', '1e6', '1', '24', 'fa1c0b48', '410d', '02', '33', '0505000001000200030004ff'], 'Flow Graph']
08/09/2022 01:20:36 PM - fge: Executing Callback: attackFlowGraphStart with parameters ['/home/user/FISSURE/Flow Graph Library/Single-Stage Flow Graphs/ZWAVE_FSK_USRPB210_Transmit.py', ['tx_gain', 'tx_freq', 'string_variables', 'source_node_id', 'serial', 'samp_rate', 'repetition_interval', 'msg_length', 'home_id', 'frame_control', 'destination_node_id', 'command_class', 'command'], ['60', '916e6', '[home_id,source_node_id,frame_control,destination_node_id,command_class,command]', '01', 'serial=30AD2E1', '1e6', '1', '24', 'fa1c0b48', '410d', '02', '33', '0505000001000200030004ff'], 'Flow Graph']
08/09/2022 01:20:38 PM - fge: Sending message: FGE: Flow Graph Started Attack
08/09/2022 01:20:39 PM - hiprfisr: Received message: FGE: Flow Graph Started Attack
08/09/2022 01:20:39 PM - dashboard: Received message: FGE: Flow Graph Started Attack
08/09/2022 01:20:40 PM - dashboard: Sending message: Dashboard: Stop Attack Flow Graph ['']
08/09/2022 01:20:41 PM - hiprfisr: Received message: Dashboard: Stop Attack Flow Graph ['']
08/09/2022 01:20:41 PM - hiprfisr: Executing Callback: attackFlowGraphStop with parameters ['']
08/09/2022 01:20:41 PM - hiprfisr: Sending message: HIPRFISR: Stop Attack Flow Graph ['']
08/09/2022 01:20:41 PM - fge: Received message: HIPRFISR: Stop Attack Flow Graph ['']
08/09/2022 01:20:41 PM - fge: Executing Callback: attackFlowGraphStop with parameters ['']
08/09/2022 01:20:41 PM - fge: Sending message: FGE: Flow Graph Finished Attack
08/09/2022 01:20:42 PM - hiprfisr: Received message: FGE: Flow Graph Finished Attack
08/09/2022 01:20:42 PM - dashboard: Received message: FGE: Flow Graph Finished Attack
08/09/2022 01:21:44 PM - dashboard: Sending message: Dashboard: Run Attack Flow Graph [' home user FISSURE Flow Graph Library Single-Stage Flow Graphs TP-Link_Archer_A7_Reboot.py', ['iface', 'tp_link_ip'], ['wlx8416f90800f6', '192.168.0.1'], 'Python3 Script']
08/09/2022 01:21:45 PM - hiprfisr: Received message: Dashboard: Run Attack Flow Graph [' home user FISSURE Flow Graph Library Single-Stage Flow Graphs TP-Link_Archer_A7_Reboot.py', ['iface', 'tp_link_ip'], ['wlx8416f90800f6', '192.168.0.1'], 'Python3 Script']
08/09/2022 01:21:45 PM - hiprfisr: Executing Callback: attackFlowGraphStart with parameters ['/home/user/FISSURE/Flow Graph Library/Single-Stage Flow Graphs/TP-Link_Archer_A7_Reboot.py', ['iface', 'tp_link_ip'], ['wlx8416f90800f6', '192.168.0.1'], 'Python3 Script']
08/09/2022 01:21:45 PM - hiprfisr: Sending message: HIPRFISR: Run Attack Flow Graph [' home user FISSURE Flow Graph Library Single-Stage Flow Graphs TP-Link_Archer_A7_Reboot.py', ['iface', 'tp_link_ip'], ['wlx8416f90800f6', '192.168.0.1'], 'Python3 Script']
08/09/2022 01:21:45 PM - fge: Received message: HIPRFISR: Run Attack Flow Graph [' home user FISSURE Flow Graph Library Single-Stage Flow Graphs TP-Link_Archer_A7_Reboot.py', ['iface', 'tp_link_ip'], ['wlx8416f90800f6', '192.168.0.1'], 'Python3 Script']
08/09/2022 01:21:45 PM - fge: Executing Callback: attackFlowGraphStart with parameters ['/home/user/FISSURE/Flow Graph Library/Single-Stage Flow Graphs/TP-Link_Archer_A7_Reboot.py', ['iface', 'tp_link_ip'], ['wlx8416f90800f6', '192.168.0.1'], 'Python3 Script']
08/09/2022 01:21:45 PM - fge: Sending message: FGE: Flow Graph Started Attack
08/09/2022 01:21:45 PM - fge: Sending message: FGE: Flow Graph Finished Attack
08/09/2022 01:21:46 PM - hiprfisr: Received message: FGE: Flow Graph Started Attack
08/09/2022 01:21:46 PM - hiprfisr: Received message: FGE: Flow Graph Finished Attack
08/09/2022 01:21:46 PM - dashboard: Received message: FGE: Flow Graph Started Attack
08/09/2022 01:21:46 PM - dashboard: Received message: FGE: Flow Graph Finished Attack
08/09/2022 01:23:30 PM - dashboard: Sending message: Dashboard: Search Library [['310', '', '', '', '', '', '5', '', '', ''], '']
08/09/2022 01:23:31 PM - hiprfisr: Received message: Dashboard: Search Library [['310', '', '', '', '', '', '5', '', '', ''], '']
08/09/2022 01:23:31 PM - hiprfisr: Executing Callback: searchLibrary with parameters [['310', '', '', '', '', '', '5', '', '', ''], '']
08/09/2022 01:23:31 PM - hiprfisr: Sending message: HIPRFISR: Search Library [['310', '', '', '', '', '', '5', '', '', ''], '']
08/09/2022 01:23:31 PM - pd: Received message: HIPRFISR: Search Library [['310', '', '', '', '', '', '5', '', '', ''], '']
08/09/2022 01:23:31 PM - pd: Executing Callback: searchLibraryCallback with parameters [['310', '', '', '', '', '', '5', '', '', ''], '']
08/09/2022 01:23:31 PM - pd: Sending message: PD: Found Preambles in Library [{'U.S. Frequency': {'End Frequency': 310.0, 'Bandwidth': 0.0, 'Frequency': 310.0, 'Protocol': 'X10', 'Modulation': 'OOK', 'Start Frequency': 310.0, 'Notes': 'Frequency can be slightly off (310.8 MHz) and a slight FM deviation (0.45 MHz) from start to end of a pulse', 'Continuous': False}}, {'PMV-107J': {'End Frequency': 315.0, 'Bandwidth': 0.08, 'Frequency': 314.96, 'Protocol': 'TPMS', 'Modulation': 'FSK', 'Start Frequency': 314.92, 'Notes': '', 'Continuous': False}}]
08/09/2022 01:23:31 PM - dashboard: Received message: PD: Found Preambles in Library [{'U.S. Frequency': {'End Frequency': 310.0, 'Bandwidth': 0.0, 'Frequency': 310.0, 'Protocol': 'X10', 'Modulation': 'OOK', 'Start Frequency': 310.0, 'Notes': 'Frequency can be slightly off (310.8 MHz) and a slight FM deviation (0.45 MHz) from start to end of a pulse', 'Continuous': False}}, {'PMV-107J': {'End Frequency': 315.0, 'Bandwidth': 0.08, 'Frequency': 314.96, 'Protocol': 'TPMS', 'Modulation': 'FSK', 'Start Frequency': 314.92, 'Notes': '', 'Continuous': False}}]
08/09/2022 01:23:32 PM - hiprfisr: Received message: PD: Found Preambles in Library [{'U.S. Frequency': {'End Frequency': 310.0, 'Bandwidth': 0.0, 'Frequency': 310.0, 'Protocol': 'X10', 'Modulation': 'OOK', 'Start Frequency': 310.0, 'Notes': 'Frequency can be slightly off (310.8 MHz) and a slight FM deviation (0.45 MHz) from start to end of a pulse', 'Continuous': False}}, {'PMV-107J': {'End Frequency': 315.0, 'Bandwidth': 0.08, 'Frequency': 314.96, 'Protocol': 'TPMS', 'Modulation': 'FSK', 'Start Frequency': 314.92, 'Notes': '', 'Continuous': False}}]
08/09/2022 01:23:46 PM - dashboard: Sending message: Dashboard: Search Library [['', '', '', '', '', '', '', '', '', ''], '10010000']
08/09/2022 01:23:46 PM - hiprfisr: Received message: Dashboard: Search Library [['', '', '', '', '', '', '', '', '', ''], '10010000']
08/09/2022 01:23:46 PM - hiprfisr: Executing Callback: searchLibrary with parameters [['', '', '', '', '', '', '', '', '', ''], '10010000']
08/09/2022 01:23:46 PM - hiprfisr: Sending message: HIPRFISR: Search Library [['', '', '', '', '', '', '', '', '', ''], '10010000']
08/09/2022 01:23:46 PM - pd: Received message: HIPRFISR: Search Library [['', '', '', '', '', '', '', '', '', ''], '10010000']
08/09/2022 01:23:46 PM - pd: Executing Callback: searchLibraryCallback with parameters [['', '', '', '', '', '', '', '', '', ''], '10010000']
08/09/2022 01:23:46 PM - pd: Sending message: PD: Found Preambles in Library [{'ADS-B Airborne Velocity - Ground Speed': {'End Frequency': '', 'Bandwidth': '', 'Frequency': '', 'Protocol': 'Mode S', 'Modulation': '', 'Start Frequency': '', 'Notes': '', 'Continuous': ''}, 'AP-Join': {'End Frequency': '', 'Bandwidth': '', 'Frequency': '', 'Protocol': 'SimpliciTI', 'Modulation': '', 'Start Frequency': '', 'Notes': '', 'Continuous': ''}, 'ED-Data': {'End Frequency': '', 'Bandwidth': '', 'Frequency': '', 'Protocol': 'SimpliciTI', 'Modulation': '', 'Start Frequency': '', 'Notes': '', 'Continuous': ''}, 'ADS-B Airborne Velocity - Airspeed': {'End Frequency': '', 'Bandwidth': '', 'Frequency': '', 'Protocol': 'Mode S', 'Modulation': '', 'Start Frequency': '', 'Notes': '', 'Continuous': ''}, 'Wave Packet': {'End Frequency': '', 'Bandwidth': '', 'Frequency': '', 'Protocol': 'DSRC', 'Modulation': '', 'Start Frequency': '', 'Notes': '', 'Continuous': ''}, 'Color Switch - Set': {'End Frequency': '', 'Bandwidth': '', 'Frequency': '', 'Protocol': 'ZWAVE', 'Modulation': '', 'Start Frequency': '', 'Notes': '', 'Continuous': ''}, 'AP-Link': {'End Frequency': '', 'Bandwidth': '', 'Frequency': '', 'Protocol': 'SimpliciTI', 'Modulation': '', 'Start Frequency': '', 'Notes': '', 'Continuous': ''}, 'Message Version A': {'End Frequency': '', 'Bandwidth': '', 'Frequency': '', 'Protocol': 'RDS', 'Modulation': '', 'Start Frequency': '', 'Notes': '', 'Continuous': ''}, 'Multilevel Switch - Off': {'End Frequency': '', 'Bandwidth': '', 'Frequency': '', 'Protocol': 'ZWAVE', 'Modulation': '', 'Start Frequency': '', 'Notes': '', 'Continuous': ''}, 'Null': {'End Frequency': '', 'Bandwidth': '', 'Frequency': '', 'Protocol': '802.11x', 'Modulation': '', 'Start Frequency': '', 'Notes': '', 'Continuous': ''}, 'Multilevel Switch - On': {'End Frequency': '', 'Bandwidth': '', 'Frequency': '', 'Protocol': 'ZWAVE', 'Modulation': '', 'Start Frequency': '', 'Notes': '', 'Continuous': ''}}]
08/09/2022 01:23:46 PM - dashboard: Received message: PD: Found Preambles in Library [{'ADS-B Airborne Velocity - Ground Speed': {'End Frequency': '', 'Bandwidth': '', 'Frequency': '', 'Protocol': 'Mode S', 'Modulation': '', 'Start Frequency': '', 'Notes': '', 'Continuous': ''}, 'AP-Join': {'End Frequency': '', 'Bandwidth': '', 'Frequency': '', 'Protocol': 'SimpliciTI', 'Modulation': '', 'Start Frequency': '', 'Notes': '', 'Continuous': ''}, 'ED-Data': {'End Frequency': '', 'Bandwidth': '', 'Frequency': '', 'Protocol': 'SimpliciTI', 'Modulation': '', 'Start Frequency': '', 'Notes': '', 'Continuous': ''}, 'ADS-B Airborne Velocity - Airspeed': {'End Frequency': '', 'Bandwidth': '', 'Frequency': '', 'Protocol': 'Mode S', 'Modulation': '', 'Start Frequency': '', 'Notes': '', 'Continuous': ''}, 'Wave Packet': {'End Frequency': '', 'Bandwidth': '', 'Frequency': '', 'Protocol': 'DSRC', 'Modulation': '', 'Start Frequency': '', 'Notes': '', 'Continuous': ''}, 'Color Switch - Set': {'End Frequency': '', 'Bandwidth': '', 'Frequency': '', 'Protocol': 'ZWAVE', 'Modulation': '', 'Start Frequency': '', 'Notes': '', 'Continuous': ''}, 'AP-Link': {'End Frequency': '', 'Bandwidth': '', 'Frequency': '', 'Protocol': 'SimpliciTI', 'Modulation': '', 'Start Frequency': '', 'Notes': '', 'Continuous': ''}, 'Message Version A': {'End Frequency': '', 'Bandwidth': '', 'Frequency': '', 'Protocol': 'RDS', 'Modulation': '', 'Start Frequency': '', 'Notes': '', 'Continuous': ''}, 'Multilevel Switch - Off': {'End Frequency': '', 'Bandwidth': '', 'Frequency': '', 'Protocol': 'ZWAVE', 'Modulation': '', 'Start Frequency': '', 'Notes': '', 'Continuous': ''}, 'Null': {'End Frequency': '', 'Bandwidth': '', 'Frequency': '', 'Protocol': '802.11x', 'Modulation': '', 'Start Frequency': '', 'Notes': '', 'Continuous': ''}, 'Multilevel Switch - On': {'End Frequency': '', 'Bandwidth': '', 'Frequency': '', 'Protocol': 'ZWAVE', 'Modulation': '', 'Start Frequency': '', 'Notes': '', 'Continuous': ''}}]
08/09/2022 01:23:47 PM - hiprfisr: Received message: PD: Found Preambles in Library [{'ADS-B Airborne Velocity - Ground Speed': {'End Frequency': '', 'Bandwidth': '', 'Frequency': '', 'Protocol': 'Mode S', 'Modulation': '', 'Start Frequency': '', 'Notes': '', 'Continuous': ''}, 'AP-Join': {'End Frequency': '', 'Bandwidth': '', 'Frequency': '', 'Protocol': 'SimpliciTI', 'Modulation': '', 'Start Frequency': '', 'Notes': '', 'Continuous': ''}, 'ED-Data': {'End Frequency': '', 'Bandwidth': '', 'Frequency': '', 'Protocol': 'SimpliciTI', 'Modulation': '', 'Start Frequency': '', 'Notes': '', 'Continuous': ''}, 'ADS-B Airborne Velocity - Airspeed': {'End Frequency': '', 'Bandwidth': '', 'Frequency': '', 'Protocol': 'Mode S', 'Modulation': '', 'Start Frequency': '', 'Notes': '', 'Continuous': ''}, 'Wave Packet': {'End Frequency': '', 'Bandwidth': '', 'Frequency': '', 'Protocol': 'DSRC', 'Modulation': '', 'Start Frequency': '', 'Notes': '', 'Continuous': ''}, 'Color Switch - Set': {'End Frequency': '', 'Bandwidth': '', 'Frequency': '', 'Protocol': 'ZWAVE', 'Modulation': '', 'Start Frequency': '', 'Notes': '', 'Continuous': ''}, 'AP-Link': {'End Frequency': '', 'Bandwidth': '', 'Frequency': '', 'Protocol': 'SimpliciTI', 'Modulation': '', 'Start Frequency': '', 'Notes': '', 'Continuous': ''}, 'Message Version A': {'End Frequency': '', 'Bandwidth': '', 'Frequency': '', 'Protocol': 'RDS', 'Modulation': '', 'Start Frequency': '', 'Notes': '', 'Continuous': ''}, 'Multilevel Switch - Off': {'End Frequency': '', 'Bandwidth': '', 'Frequency': '', 'Protocol': 'ZWAVE', 'Modulation': '', 'Start Frequency': '', 'Notes': '', 'Continuous': ''}, 'Null': {'End Frequency': '', 'Bandwidth': '', 'Frequency': '', 'Protocol': '802.11x', 'Modulation': '', 'Start Frequency': '', 'Notes': '', 'Continuous': ''}, 'Multilevel Switch - On': {'End Frequency': '', 'Bandwidth': '', 'Frequency': '', 'Protocol': 'ZWAVE', 'Modulation': '', 'Start Frequency': '', 'Notes': '', 'Continuous': ''}}]
08/09/2022 01:23:52 PM - dashboard: Sending message: Dashboard: Search Library [['', '', '', '', '', '', '', '', '', ''], '1001000011110110']
08/09/2022 01:23:52 PM - hiprfisr: Received message: Dashboard: Search Library [['', '', '', '', '', '', '', '', '', ''], '1001000011110110']
08/09/2022 01:23:52 PM - hiprfisr: Executing Callback: searchLibrary with parameters [['', '', '', '', '', '', '', '', '', ''], '1001000011110110']
08/09/2022 01:23:52 PM - hiprfisr: Sending message: HIPRFISR: Search Library [['', '', '', '', '', '', '', '', '', ''], '1001000011110110']
08/09/2022 01:23:52 PM - pd: Received message: HIPRFISR: Search Library [['', '', '', '', '', '', '', '', '', ''], '1001000011110110']
08/09/2022 01:23:52 PM - pd: Executing Callback: searchLibraryCallback with parameters [['', '', '', '', '', '', '', '', '', ''], '1001000011110110']
08/09/2022 01:23:52 PM - pd: Sending message: PD: Found Preambles in Library [{}]
08/09/2022 01:23:52 PM - dashboard: Received message: PD: Found Preambles in Library [{}]
08/09/2022 01:23:53 PM - hiprfisr: Received message: PD: Found Preambles in Library [{}]
08/09/2022 01:24:06 PM - dashboard: Sending message: Dashboard: Search Library [['', '', '', '', '', '', '', '', '', ''], '0110000010011111']
08/09/2022 01:24:07 PM - hiprfisr: Received message: Dashboard: Search Library [['', '', '', '', '', '', '', '', '', ''], '0110000010011111']
08/09/2022 01:24:07 PM - hiprfisr: Executing Callback: searchLibrary with parameters [['', '', '', '', '', '', '', '', '', ''], '0110000010011111']
08/09/2022 01:24:07 PM - hiprfisr: Sending message: HIPRFISR: Search Library [['', '', '', '', '', '', '', '', '', ''], '0110000010011111']
08/09/2022 01:24:07 PM - pd: Received message: HIPRFISR: Search Library [['', '', '', '', '', '', '', '', '', ''], '0110000010011111']
08/09/2022 01:24:07 PM - pd: Executing Callback: searchLibraryCallback with parameters [['', '', '', '', '', '', '', '', '', ''], '0110000010011111']
08/09/2022 01:24:07 PM - pd: Sending message: PD: Found Preambles in Library [{'Default': {'End Frequency': '', 'Bandwidth': '', 'Frequency': '', 'Protocol': 'X10', 'Modulation': '', 'Start Frequency': '', 'Notes': '', 'Continuous': ''}}]
08/09/2022 01:24:07 PM - dashboard: Received message: PD: Found Preambles in Library [{'Default': {'End Frequency': '', 'Bandwidth': '', 'Frequency': '', 'Protocol': 'X10', 'Modulation': '', 'Start Frequency': '', 'Notes': '', 'Continuous': ''}}]
08/09/2022 01:24:08 PM - hiprfisr: Received message: PD: Found Preambles in Library [{'Default': {'End Frequency': '', 'Bandwidth': '', 'Frequency': '', 'Protocol': 'X10', 'Modulation': '', 'Start Frequency': '', 'Notes': '', 'Continuous': ''}}]
